 52.40835247  21.77735880  11.20569733
 25.41088792 217.34930567  20.86840566
  9.82073512  42.96683614  35.45340126
  5.31948426   8.37837006   4.70126180
  5.40584282  37.15661878   2.18726726
  4.07943982  48.23101525   7.65394634
  6.83046242  32.32704640  11.99880351
 19.17020316  21.51099723  49.17764773
  9.25186083  13.91872234  28.50386056
  4.51108318  40.77274829   5.18537493
 27.67813683  57.68170202   5.97142586
 51.16611276  12.57287038   5.77486009
  9.94859066  48.82632973  10.43499918
  6.96454480  31.56310292  17.69746088
 28.54519296 101.22819353   4.80500073
 20.59097453   6.10552407  12.18654114
 23.67925601  60.40806888   4.84124087
 10.33134461 101.98158105  10.68353064
 11.25690125 143.53691177  31.72051681
  9.64476229 282.76820161  81.18986580
 27.38284797  63.55001405  23.22238615
 72.01567664  38.19463539  55.23348718
 21.28912291  50.95241460   6.76473623
123.25278787  28.49140649  22.10251907
158.83843071  26.96134868  27.92197292
100.98503288 170.48471028   9.65271944
 59.31175140 106.63760703  40.95340916
 42.49400885 351.16247504  29.75635092
 38.74421496  10.55475477   9.12844237
 16.22613669 106.79322622   7.45548516
 36.31831930  18.41814411 144.90331937
 50.08197380   7.36101823  21.55337718
 54.41817033   7.95801167  46.90937199
  2.44512889  16.39875927  19.25751201
 11.25273341  27.72729549  28.50186243
 19.97780606  26.51621761   7.64463652
  1.42140502  10.83163450   4.20459350
 31.57044441  46.77615855  22.97518269
 20.35391788 137.97483183 633.13190252
  6.10762999  56.05307781 633.13190252
 40.08639233 133.54963274  71.21661555
 41.92616625  64.11927536  11.02558152
 27.29689874  77.01214515   7.06097362
  8.62014329  39.13281627   5.63569997
 12.57525630  60.28727879  14.71550332
  8.31715692  39.72737111  10.27661041
  7.89025318  13.53554261  12.09071850
 15.99271604  16.09874631  69.78481709
 10.71640090   8.83660185  27.10539834
101.02117278  12.50852048  25.33215280
 33.42068620   5.48744088   2.69492497
  6.70948202  42.38812516  11.25066564
 18.14969102  13.09987506   8.04844462
  2.62034071  13.02168974   5.03019172
  1.39617645   8.50582221   1.71362224
 23.72066054   4.80815741   2.37719877
  8.93189972   3.21708369  10.50184857
 13.27502513  20.48810831  10.70415755
 19.59831521   7.89231649  40.09866905
  3.04209669   5.42888662  27.62706637
 69.93469112   2.17569730  22.95412891
149.02943915  66.95902508  23.23974452
 65.41891279 171.00809131  16.95022579
 53.07933861  20.16856516   4.56955366
 70.90319940   9.28375256  38.87133794
  8.27440292  12.38963644 101.31273003
 31.43193413  20.86727994  11.78123447
 45.03059940  20.98763043  45.51598889
 93.30649550  22.50447627  26.76858728
 11.79506591  18.54412506  25.90422068
 86.52956911  14.12620612  46.48934800
 94.14472854  30.92087452  27.14543595
 39.35717834   6.36614011  10.65147528
 52.77569539   7.28126710   8.50866516
  4.03482684  60.74202691  49.91626057
 12.55995462   2.88168382  22.95830133
  4.65488887  58.61967677  78.53687849
 30.66567389   9.04699436   9.09082325
  4.64663216 150.84663933   6.72956207
 20.65139967 151.12538412  18.45074058
 15.17667108 273.47173237  11.55879451
 16.98380531 273.47173237  12.71811487
 11.87343780 273.47173237  17.91213271
  3.48427963 273.47173237  10.67700902
  1.75461923   6.65738143  10.15423264
  4.49438216  87.58922888   9.07267589
 10.18221519  64.40197412  12.73894581
  2.51442533   5.35145660   4.99589063
  8.20337433  48.04125234   3.59942488
 60.70222092  16.06008504  14.62343468
 14.96142366  56.78372272   5.78399609
 19.65094307  13.33881536   2.79572528
 15.29653513  10.36339066   7.03215450
 17.83685956  11.08802343  13.14450864
464.78534545  11.28325132   4.64835955
464.78534545   7.26775870   9.72567126
464.78534545  14.92913982  13.97161546
 71.53004014   7.32181376  47.03735560
  8.90418199  13.10716079  11.59588446
  4.18522445  33.58261530   4.08815332
 14.42670808  12.64118761  75.27325836
 11.66562126  15.61754263   8.44127512
 20.80793152  23.83316239  17.18027679
  5.95759419  34.85961441   4.95430365
 10.37158848   3.15148265   8.53749467
253.63865510   9.56367217  27.80809660
 24.53209561 116.79810145  26.58885665
  5.63145155 405.35989398   4.03302622
 57.86445674  50.52814966  16.67219380
  2.56068522   4.26345437   4.94887927
  9.44670817  14.84256272  41.60337061
 56.71494111  13.25057484  17.62622008
 15.65325044  19.73089017  21.56709645
  8.64505493  26.77231140   5.32392782
 15.22485755  50.78057690  16.90022360
 19.56677444  13.52252668  92.81208842
 64.12387109   5.92193295  55.24167342
 72.05538857   7.93554603  37.36311683
 66.67578546  18.80511289   7.19792271
183.82009581  22.19232351  84.10665503
 71.42554801  13.74831772  10.63149530
 17.50431146  30.34447893  31.13599049
  7.40959731  11.60073023  24.41381049
 22.70463115   3.37920383  13.95094306
 21.33582598  14.47689983  51.87208594
  2.87563380  27.20404948  16.85366218
 20.57670269  12.53962721  56.70580781
 40.76379834  10.35174402   7.55395484
 17.62008059  25.73761486  33.11282849
 52.44342733  82.87423105   8.67756614
 63.98116070 121.99065456   5.59529645
 61.44056584 163.08277818   2.14469636
 23.15406640 106.07095136   7.13022638
 19.24325366  77.50633530  20.19562488
 22.72070976  77.50633530  16.86759000
  4.84785137  13.18604126  12.63946675
 76.30122054  67.25979228  46.42782182
 18.78194062  13.41379875  15.67106886
 38.46963914  11.79783236 180.60563276
 59.43396417  13.93744357  59.89692815
 19.03080312 483.81010080  12.32798028
 35.12301346 186.01941044   4.39885255
 35.38094921  15.41334077  10.64339025
 40.07245396   9.88006342  11.09807484
 25.13447650  37.52603123  12.27994698
 22.84099868  46.92507837  73.75063204
 36.45615534  21.58870221  19.56673176
  4.33472780  84.63979167   7.45724207
  7.72199696  10.99952505  11.32777290
  5.12100198   9.09479942   8.10823048
  2.91279476  29.09889540   6.80046161
 10.88906177  35.22203411  22.71703254
  2.47223084 126.74945029  25.69206775
 12.23884252  10.13647004  34.54258078
146.12615461   5.23571622   5.80708852
 15.35532509  37.91131252   6.92473490
 20.81357246  10.68171535   7.84428004
 36.47631907  49.70371584   4.91029203
 43.99929881  16.80202008  17.30270423
 20.62670646   7.12887013 146.66789087
  5.40298570  15.45767119  67.50177925
417.39799303  49.33821162  47.39645638
 35.94084493  75.47193547  36.19086987
111.52525870  19.89227837   6.31481348
  5.83061706   4.44416327  19.51213029
  4.76806310  10.91368491  45.24244187
 25.46653966  43.71797920  26.91963941
 16.27849496  30.77831605  12.12223057
 16.45942543   6.86558049 116.41398959
 25.89425565   4.89481066  10.67469568
  6.21221197  48.23020083   2.72874734
 11.66940069   8.12721455  47.14116834
 62.17638475  46.58087303  45.81837698
160.63378570  26.48008791  27.18192649
  6.39189171   5.52525275   7.46630271
 10.55481963  30.65781306   3.50025514
 35.33755956  18.32161565   9.43290297
 12.74785654 114.73582533  85.66867801
119.46155987  25.55555190  16.91869188
 17.84154117  23.59593367  39.68487154
 37.09974376  48.99216790   5.67907809
  9.63856012  14.13355094   2.51021638
  2.58134170   5.20690347   5.74010268
 17.87367742  21.63556292   6.26702425
 54.29145667   7.57281760  12.34302441
156.05314756  72.09538151   7.37700043
 50.15024725  16.04169792  26.01419803
 20.13447757   2.95076587   9.76820447
 16.60985880  33.96582674  13.60643211
 12.18849413   3.77486495   4.73947462
 17.03739760   6.80247988  85.51842155
 13.82491040  50.99140245   3.23478819
  5.04438048  13.27743223   1.05967534
  7.28097484  91.26309171   1.51976271
  2.59383363   7.32483012   3.46404795
 12.57446598  46.76215327   9.76343055
 27.73890864  40.31932282  15.64266641
 66.57024324  53.53488084  14.29979799
  8.03380589 158.70525863  16.82310907
 29.73617666 234.59955170   6.63341383
 24.75759164  21.40109678   4.94057746
  8.13899509  85.14403541  20.52997223
 70.06328375  63.05649679   8.12452046
 10.93841250  33.75746119   7.75086651
 21.05429063   5.79329090   9.58062032
 23.29152139  49.15893106  13.67705466
 12.57637185  19.95183954  22.61973218
  3.75646260  81.29228419  29.45506103
 19.36816198  10.67600165  24.31954128
 62.31565217  30.04283975  12.27490029
  7.07816645   6.84119858   5.26784760
 48.75776438  59.47160759   7.97333426
 13.08384122  25.03015106  28.60249485
  9.53528367  20.60121526   4.11433684
 20.87313238  19.04147484   7.96257271
  3.45672630  48.58711138  16.42524964
 41.07289720  23.08334558  19.05872816
 44.25046968   8.17275266  13.44744672
  8.11006983   5.70045433   7.99790460
 16.88133032   3.99635418  12.09521182
 68.81589522  15.24458916   4.65168146
 19.72812378   3.01094506   9.03767542
  7.58283551   7.18894721   2.38728833
 10.69029828   1.59508560  11.69751963
  7.29433504   3.98224379  19.64708940
 10.50738222   6.17026713  59.52189744
 18.59694449  13.00085546  21.91433660
 20.34189169  86.21104523  16.29109855
 25.44326753   6.54948127  16.46851865
  7.96175272   3.20203681  13.04341609
  9.15606106   2.35858896  25.31319902
 69.29350722   5.76750899  41.05769901
 25.98871236  18.67288218   3.37957110
 22.92220533  64.95884144   4.75578214
 11.32118664  50.63346421   5.77227809
 39.24975012   8.04089103   9.18028344
  3.22012270  21.32132894  25.78944047
 22.35979526  14.97834672  15.42852965
 44.81750057   8.07001965  30.88521495
 23.44425224   2.65396263  15.79347263
 21.96374029   3.02317266   3.42413103
 11.80957049   0.96224431  16.44248131
 13.16568109   0.92895017 174.62639521
  5.20258390   1.51120533 518.36613321
 18.49797153   8.37969854  15.91942340
 24.14687654   6.30027994   4.46264129
145.55523337   2.40486695   3.36474145
 12.04501662  17.24215216  34.98283565
 27.96655880  10.47844057   6.47197476
  1.51341840  10.84244475   5.13373427
  1.50283242  16.36378579   2.13085731
 24.13878114   6.51768751  27.74195865
 71.68942576  19.30880896   5.25538477
 14.14535421  46.08632679   8.77173025
 27.09456775  50.99217921  35.64988329
 68.58857334  97.59871280   5.19978133
 61.89719411  54.54467379   1.92628445
 11.31023778  18.87764884   1.90424406
  9.76709779   6.37412937   2.31896639
 41.86442732  18.93086475  18.79986818
298.36520518  16.86150068  35.09728132
298.36520518  30.93362503  24.30977521
 90.22857857   3.11271727   6.61855332
177.04872947  10.62403847  20.31867937
177.04872947  15.44725969  47.47697339
  4.13478114  10.88689651   5.30532111
  8.29794437  19.18309674   6.25494881
130.21410388  41.84279138  52.28243038
 32.71750118  84.88790467  43.84050190
 52.93626386  84.88790467 150.06293343
  9.48032411  31.42364203  16.28508185
  4.11394252  48.46668339  12.32720299
 20.05345309   4.64380847   8.52591170
  6.74917680   8.31891774   6.04223596
 39.28198374  53.94632501   7.09076419
 66.16767696   8.69703918  25.18336978
170.10441654  12.08805642   7.38216456
 43.96081744 231.06194699   7.55981988
 57.30661838 315.46932758  12.36081407
178.79458657  62.63174817   5.08559893
116.36127338  16.75150221  11.77230249
 10.75813969  10.77629224   7.02935039
  2.77629475   5.16795938  11.42590931
 10.86189726  66.41810675   2.28399943
 33.73069139   4.72702198   1.34673493
  4.97331304  31.25875265   3.03954505
 11.84604385  58.14243687   6.95768736
 20.44881955  10.45796709   8.46234774
 16.38858006   4.50487658   8.58310833
 13.04937523   1.68615501  99.85244331
 18.83578407  17.51077857 100.16480420
 11.01485756   8.56952780  39.61196271
 23.11153377   4.45875323   9.35383860
 17.06461458  21.52440681   3.19231632
 13.56579098  12.03171856  24.15950548
 53.38183023  10.18549184   3.45727363
 16.69382054   5.96809934  13.98623616
 15.29207876   7.52224997  36.31758385
 59.94697656 166.52238545  12.37106273
121.71113065 180.40151404  10.65596721
  3.79266510  14.74358851   4.80868716
 28.55769025  58.26912696  22.37778966
 89.54755458  18.86716983   4.37698446
 22.09845546  18.62076914   7.98860161
 20.65574634   3.73759254  16.36865512
 36.66644344  16.73647365  93.08731973
 13.12847847  15.54606935 110.20786011
  7.98831304  13.74828755  51.96662043
 23.16996753   1.89886463   4.98500828
 42.21434143  25.28296937   6.38184339
 20.64812439  26.78476367   3.33671638
 44.02695548   2.01950631   2.89927924
 41.15895238   6.96159991  16.38550988
  8.22658719  27.10838848   8.97576765
  7.52030680  43.43330989  30.70596517
  8.03635632  10.28765679   8.83802540
 16.28405598   1.71016284  38.69670531
  9.24471703   1.04731040  28.36843266
 15.88911072   1.09086225  17.06706120
200.98281394   1.64618656   5.34219522
200.98281394   8.22273377   1.77475947
200.98281394   5.04540064   1.88262696
316.99392656  12.45540477   5.83926603
230.90040669  19.12540260   4.53801479
145.96897307  13.84969776   3.54937818
145.96897307  74.83827285  15.63222675
119.12799022  16.05633930  39.76024946
 16.33099083 156.19960139  20.30683622
 12.58782097 156.19960139  24.53700096
  4.16484704  54.72248924  78.45211712
  7.75928043  26.44399763  11.98769575
  9.28483461  28.29899895   4.63002929
  9.60674731  40.72585245  16.53985599
 24.12101525  16.41859580  12.73064178
 18.35711192   8.90995927   3.63544120
 13.32117127   4.06379155   9.74363688
127.60026849   8.85286764  57.80294735
158.90835741   2.51971291 190.62070490
195.63362371   9.71020717  27.25436523
 62.24442517   5.01541278  18.92399297
 77.65872174   0.98320031  11.39457911
 13.81795253   2.65412391 238.35949275
 14.67790877   7.00222934 238.35949275
 12.94249606  11.68349213 ************
  6.73194212   4.28137319 ************
 24.84351291  23.29320175 ************
 60.01083189   3.45327988 ************
 18.37064124   6.42016182 ************
 10.56893127   4.98451875 ************
 13.27820807   8.85561576 ************
 42.71409525  36.41650551 123.61091492
 15.37169847  11.58918309 424.47278302
 32.24947782   2.05853584  25.51271498
377.75604094   7.38115641   8.15689356
377.75604094  46.55226247  17.55502718
645.75194250   3.34456609   5.68036640
645.75194250   8.64346377  12.11444754
645.75194250   5.84040170  52.61399195
************  31.50411786  16.04310554
************  49.35376577  28.30140370
************  23.72688101  25.60902667
************  13.00452857   7.00896576
************  10.74777004  14.36038598
************   9.40879150  23.82055649
************  13.26462026  18.18018717
680.57687144  13.42536479  14.86361221
************  22.04970072  10.81558150
************   5.20164444   5.23249274
************  15.67180397   6.24001608
************  34.88483959  34.55303688
************  15.60466443   9.48769198
************  17.63595973  21.49725106
************   4.13006152   8.19730209
************  74.19391594  18.01403645
************  93.93085663   9.98362706
************  93.93085663  15.37339127
************  11.43323636   6.28496444
************  75.12406951   3.28692371
************  75.62074429   7.37170069
************  21.11428541   3.42285590
************  32.22301499  16.90789921
************  10.79988143   5.69951740
************  10.09771966  10.70929296
************   3.02073955  13.24902370
************   5.56031668   7.05380668
************  10.93473746  15.18990300
************ 110.14975200   2.43740050
************  27.36732985   7.79116280
************  21.73603340  11.91076802
************  22.48357630  25.19967319
************  35.16035055  18.38527878
************  19.43261704   4.61153601
************   2.03755035  10.69900089
************   7.51190337   9.94728557
************  47.74229529  23.56070923
************  30.18180643   4.22373595
************  54.52070742  14.55864985
************  89.23406160  19.57412638
************  21.44261247  11.41210145
************  16.03931189   8.70612262
************  39.75543659  13.17455516
************  43.41774651   2.64970416
230.15303777   6.91713648  13.84130707
 74.10271825  12.91987693  39.14103422
 40.16594723   3.14922953  12.05846277
 13.55547635   8.69889951  14.86078687
187.39503973  63.30009872  18.25806348
 33.02877550  26.44742134  15.74372678
  8.59324353  12.92935053  57.04152797
  5.04018347   3.85363277  39.90782289
  4.26277239   2.64070692  15.27586287
 20.44504989   6.21960448  19.63234439
 49.03011052   6.66477276 745.90066772
 20.59695533   9.12848488 745.90066772
 26.81312430  16.09575125 745.90066772
 31.11779126   9.43226251 284.01496605
 20.79939204  43.36384613 235.30979190
  3.42712067   9.15286990 354.63488347
  6.27911302  64.32555335 354.63488347
 15.33396560  19.87698487 133.58158507
 52.75562690  16.31135148  38.25179061
 46.29167464  18.80099199  60.27790062
 31.77737283  26.72453784  30.53533469
228.76465601  18.58614674  17.09619759
 20.86606468   4.67898061 287.15405076
  7.90158762  10.22226162   4.83638700
 87.08372292  11.66879142  16.64096539
 26.23423932   2.45647578  25.16949501
  2.44792526  42.10588695  23.48488522
 11.64206506  20.99467375   4.40877353
 16.93454217  65.49895445  68.71368742
 12.45619097  10.62345545  17.95454638
 10.42817928   8.80049822   7.69838459
 20.29202057  20.49167127  74.13069018
 28.29018708  13.36603461  18.58338003
  6.64025281  26.96383794  24.93699623
  2.01072752   4.09605355   9.66413221
 19.93940465   2.45867741  11.32009945
 17.51873644  23.28145572  44.65970904
 16.32228227  53.45402339   8.61071694
  3.56292931  20.61027549   2.47711860
 35.74430172  10.69081223  17.99422059
 24.70929662   2.18377060 144.15186391
  9.33771660   2.67065062 280.67813297
 16.55032473  19.17324216  94.96375301
 43.78865440   5.81596642  18.46237010
  8.16817226 235.59916100   5.85379895
 10.52055076  51.03260130   6.11032510
 47.77872786  15.05211531  29.86606959
 10.50413533  23.41589266  11.23576534
 16.15180346   4.16163343   5.45151189
 14.32431076   3.17909402   3.12960507
 85.47933132   3.37334337   7.05080006
 16.98916421   9.83778889  38.52675304
  3.79967989   7.22988768  20.62781152
  8.53891282  11.62676573  14.92784228
 19.19911778   2.88097184  13.89828376
 95.34565684  56.82252594  16.80483237
 93.67051605  77.14902953  25.91841773
 53.98721097  44.56742621  64.56182138
 93.84353774  17.38877123  31.06502799
122.98776772  80.60979160  65.46186206
 86.37023698  37.25414210   8.99923150
101.30585923   9.15478153  50.86958738
 20.80773530  16.41548398   6.92823377
 13.42349860  11.59049016   2.08725696
 28.95750781  12.50278539   1.55019652
285.71489951  73.20174884   3.95204583
285.71489951   5.52185043  82.60941064
  8.93097577   5.24635527   5.19025617
 19.43616818  14.44927852  43.24229228
  4.87160491   8.79144576   3.27832229
119.83978069  10.53681134  21.73355911
 16.46491735   7.26738518 175.00867963
  6.43231438   3.47561067  51.94628138
  4.78517204   5.67917274   3.32591571
 70.29608567  15.31784306   3.38717831
  3.26648492  35.35886225   5.67819099
 58.47269130  22.41837531   6.09545810
 58.47269130  43.61610796   2.29538999
 10.23759182  26.44486827   5.11820255
  6.75882522  52.32432693   9.15679880
  8.21831281   6.13587242  55.10882306
230.05681600  50.66843723   9.25095859
230.05681600   8.98471392  10.34574847
266.19418814  15.83076371   6.83168737
 29.70154971   7.93020679   6.41406409
 72.36685002  18.79292358  18.72136936
 35.27021724  22.93593641  48.04115721
  8.57656939   8.20602946  14.54794343
 16.15522159  27.58965760   5.83312557
  5.50144304   2.67523116  32.61153799
  6.98517547   4.24047697 173.87665896
 11.46665579  13.92139930  76.20682146
 66.86472051  10.01473533  24.70238506
 14.44183350  23.93812895  10.59596345
359.45790210  27.07963994   6.16708181
332.04232648  41.31762934  82.14395170
583.10857145  28.96111536   2.97608690
513.15665407  29.28630141  15.96445888
513.15665407  26.87079824   8.18003978
  9.96185870  10.20794681  50.04626818
  4.12761927   6.49085170   9.71558504
  3.06961030  14.04052500   1.90440786
  9.80557465  73.10427286   4.32169158
  6.64138758  63.88169073   5.28955663
 32.56577284  30.69869418   9.38402887
 96.46648547  10.53629731  17.60847226
136.76019781  15.56727826  36.39746489
200.87255745  32.71120414  32.21291865
 32.08392588  29.66393450  86.53951711
277.15796576  14.43972251  50.70693387
219.39962860   6.17403240  69.70462938
219.39962860  10.40308957  46.32141918
219.39962860   8.09625625   4.79993310
219.39962860  22.72851230   4.65561939
 67.61106959  24.87013426  38.56201840
 47.11626942  18.15426273 135.47372154
 10.38755138  18.05973438   8.80869303
  4.83244446  21.30518491  45.44623768
  6.05901189   7.63960840   3.90845249
 16.61964159   3.80568420  18.39340441
 40.53130547   2.02937767 213.51189923
 14.99364024  19.45311635 213.51189923
 11.59732799  31.42474157 677.74078918
 21.90891902  16.01985763 677.74078918
 33.34600427   7.68098826 677.74078918
 15.83184851  76.32042141  49.18016767
  5.93484071   8.31137827   7.31048212
  7.34260729  24.72827105   4.70340378
 73.68813026  40.61979551   6.69994168
 13.34332898   2.89961613  17.11274910
 74.69109609  49.08734332   9.96801534
 39.13630808  12.05698106  12.55363819
 43.59558082  33.54954485  11.65911653
 28.61164584  35.27589371   6.34528528
 72.26341288   3.46061952  12.87084868
295.88849786   7.79676224  25.43591848
295.88849786   7.93230635   5.46134645
128.46593093   6.93015341   2.15316232
102.94654555  47.29821270   4.11447825
  2.45944744   2.40832528   9.90973584
  2.75232839   5.09477791  76.27852788
 15.27326801   5.97952509  11.99542336
 30.00986830   2.15714303   6.22904192
 37.96840790   7.05063724 179.86109630
  9.01882825  25.59244090  24.97190448
 29.84016273   4.75169052   7.06693691
 44.00628013  33.12038350   3.17204093
  5.78329935   9.45222518  21.68151200
 49.84232254  22.68393787   2.08170208
 47.43711767  10.37024021   7.20753772
 21.95204703   6.08904447  10.38211382
 21.01398614  17.35366933   1.96353936
 14.31288644   7.52566737   2.37036208
 13.07760294   2.77927928   3.36490234
  4.45350500   6.47443127   4.16394644
 24.25958658   7.77304774   9.08854318
  8.89741765   6.51979481   2.40237994
  8.72898593  62.50180312   1.84643153
 24.16472033  39.00785035   3.78373702
135.94219023  43.20912098  13.00909832
  5.41785204 135.68023279   7.72828698
  1.98724522 135.68023279   5.81876093
  2.61919703 137.55978267   3.26897894
  9.18549772  71.69339109   2.35611820
 21.47267135  11.72130901   3.08512815
 27.41916211   4.74846048   4.18613015
 13.10591199  13.66638047   2.34494267
 45.25235958  21.78645448   1.72605140
 36.37053700  25.84428519  36.48096862
 12.71733933  13.56681862 105.91709770
 44.79765132  41.07505557  56.28818031
 14.54084292  14.85249487  46.19130467
 12.08840783  30.50654117  12.14430940
  2.76261365  27.68793933  19.38921539
 35.43056496  50.30381594  17.23939756
 38.14884614  15.04511883  38.87718294
 18.94013622   7.41811628  72.71976989
  3.43535335  50.02057344  16.09421597
  8.88229717  74.20860126   4.45916597
 30.25121226  18.91706031  45.37716088
 12.44494591  31.07822022  82.14842629
 26.22456890  43.70989943  18.75368229
  6.66642874  18.86404828  10.09955292
  2.35498076 136.50241038  65.27169587
  3.91503194   7.67475596  22.37727855
 41.89905878   5.07146697   3.75439021
 13.92836566   4.90009298   5.19851451
146.05005671   1.94019256   2.82576062
  8.78369038   3.63481123   7.84191143
  2.69337885  22.65414251   6.00106980
  8.67856714  29.54256895   4.55312741
  8.12824260  34.63682749  20.37048365
 18.90811170   3.23830643  87.09057429
 29.41689419  30.09405593  56.24444877
  8.43273735  64.35134780   5.38742458
 11.77705005  52.22069828   6.25456136
 65.46154772  11.37913088   6.93145007
 94.66553680  39.47905173   2.96752058
 94.66553680   6.31722015   6.33746236
 10.52407390  16.24373068   4.57613385
404.54001868  10.30893205  10.15671741
 23.02229274   5.54796511  17.79991037
  5.90630834   5.31371545   8.07224526
 23.72304555  14.11184565  21.38823504
 35.14311928  19.47958033  66.92603599
 15.17188155  21.24252310  20.94555911
  9.03886164  22.56226376   6.36073226
 30.65047868   2.20990212   4.08392117
 68.29807326  18.78118224  16.69405768
  4.97195369  10.65194525   5.33292462
  1.34961582  13.79721092   9.29915392
  6.82935388   6.50944454  16.82918355
 13.26078659   1.41756978 106.26064502
 18.08488393   1.62154862  86.11189352
  4.81679279   3.31405125   4.59837825
 18.91286731  12.12938029   2.93450480
  3.53462912  59.98824453   5.07513030
 19.59481250  45.67091269  39.86496598
 35.51902244  55.71897704  29.91358600
 16.03379629  21.95258571  34.50153659
  5.31578530   6.16320351   6.01682513
 15.29753583   7.95775331   3.28057760
 68.73604482 310.39746348   6.47062774
  6.86835392  55.39951346   3.74707171
  8.37106876   7.86622581   6.16290713
 51.63643979  21.75209411  14.21993827
 15.93649383  44.93647421  39.94285012
 21.48093955  43.04995385  15.75837616
 19.44771629  29.25235211  20.42824286
  6.43826014  13.29221274  37.15297372
  9.14305621 158.36247672  16.94635308
  9.91243287  20.01768712 304.65497594
 15.43380451   6.99214972 209.12058201
  3.40998993  13.79991456  95.10831326
  8.90374603   4.67116372 332.83193902
 29.34384653   4.35041349  10.82678619
 11.48460105  48.75397083   6.15936568
 15.41524079  11.57806021  30.01283684
 94.79187526   2.89073633  13.59698392
 34.90146380  14.00170070   8.74056442
 79.73439089  33.48483956   7.20858792
 49.63376259  15.41267887  19.75343656
 35.74522509  37.11256555 158.71485311
  3.52548391  20.13296063 162.24083787
  1.71986778   2.86937696 162.24083787
 15.75712091   4.20774677 162.24083787
 79.14923114  17.63142565  64.98457380
233.56600513 154.41367509 386.42877514
 21.02228549  25.83398524  54.53653314
 84.06727136  69.84639099  82.27129882
 82.99370691  11.79896121   6.53085434
119.57139515   5.88033487 165.73713749
119.57139515   4.21066581  14.49458691
 17.71960772  39.09117510  10.12648415
  7.31622436   6.50497595   4.88006985
 18.66494373  10.33562112   9.31907900
 27.49432809  13.20087195  99.21360798
161.50308464  30.96852962 107.06287634
  8.19966814  13.03313148 380.26898997
 22.82536427  10.90672456 111.12310889
  4.50499872  22.48338243  71.39062316
 81.64518213   7.03395601  23.30240056
 13.51268494   4.14551313   8.38349702
  9.59625510 111.67110427   4.84104326
 21.25935750  11.77667691   5.43266771
  7.51502242   2.65078111   3.36690947
 94.48444083   5.00143368   6.17491787
384.06368144  55.77118302   3.93223881
625.64589040 105.97290331  18.13750346
************  81.11792184  10.88732507
252.16360307   8.73570363  17.83673846
122.55261834  20.85289454  20.43806857
 21.85555999   8.73804335  10.25144828
 42.04412502   3.35208048   9.93738564
 10.38345990   2.95287142  10.56060219
 44.20359138   3.28800427  50.69870442
 13.89532894   5.24979978  26.97759808
 88.39557314   4.74692819   2.32921773
 88.39557314  15.25614066  21.44089727
 26.32520288  13.84120013  11.77293452
  5.18396596  33.52240681  17.28724278
 14.30217683  16.30807924  34.21497968
 39.90970457   4.34490165  21.49979634
 22.77547704   8.29775741   9.92818501
 38.57720236   3.64705186  12.89862918
  7.54629317   6.72939569  59.52437170
 45.58073365   9.43348472  20.79378520
 15.13324325   3.78344123  23.75124598
 21.84059547   1.83418796 109.62047298
  3.53698618  10.00672822  20.19203034
 10.28874401  22.95826732  10.83892690
  4.43426078   1.55264577   8.70774627
 10.13001099   8.25757928  25.07004746
 76.46213325   7.76846208  78.82760505
  6.01357852   1.69021986   6.51453527
 22.20902857   2.78386263  15.25890880
 16.18097169   5.71827037   6.76022584
 20.99626037   9.80987598  12.70618589
 13.92582212  34.79938993  10.51171892
 41.81329525   1.85810539  61.30162572
 71.83388739   1.88098968  11.03430133
  6.26117721   3.95975150  93.70137594
 11.19940347  13.39952539  26.95959343
 38.40659969   8.37332116  14.02059780
 12.08345199  96.64183832   6.42510412
111.75302740  93.54858010  12.68721809
 68.59209912  16.54597521   3.66875932
 49.99243375  15.96723738   3.30640173
 18.04043181 153.54019184   4.69256090
 52.14760209 116.76005626  11.27869934
 29.57506371  34.44730989  21.63518324
 38.14414626  35.53729290  38.48944710
  6.78506635  50.46345741  58.66317073
 46.77853404  14.89503599  18.03147504
  7.54150934   3.20795417  81.00410595
 16.79361392  21.30392242  15.98073906
 18.93253317  71.07613007  49.30419212
 14.70573359  58.13215548   4.50991014
 36.25214663   9.52113881  17.57181176
327.42909671 213.64491230   5.05072294
178.83964170  13.19851886   8.48203561
101.81583668  19.05479632  18.12883016
  4.02639743   7.17299528   4.75672592
 56.46744552  75.95533855   2.47048079
  7.55390380  11.49505924   3.69483913
 29.41593484   2.97553717   4.95416305
 56.27847330  28.21319617   6.11400055
 75.80108100  28.01023950   7.99893753
 24.63668297   2.64390962   8.11690952
 13.56875413   6.74238492  58.80366774
 34.36184918  27.68457733  38.66761725
  5.30174104  54.23280972 123.50139606
 13.11514211  40.69743496  72.72055931
 11.93566376  23.47303501  19.90265066
 22.33772238  29.90588886   4.31531899
 64.04263631  23.11401280  13.44111160
  6.12779531   2.20170944 121.66576081
 31.54137115   3.81914496  10.79484751
 33.89248114  33.52754691  46.19727090
 20.90946108  80.36613685  36.99380133
 31.91362336   4.97532690  42.32997812
 27.29192285  29.44442601  13.59411631
130.99562482  52.70418051   8.85955979
130.99562482  61.27147501  41.43494988
  5.48584034  37.46755344  24.06582708
  8.04743081  21.15423995   7.21582516
 37.03063773  26.94614347  27.28382428
 12.68750115   6.67832136  19.65984520
 31.63673066  65.26648607  10.47557541
  3.99870124  14.89234143   3.40670390
 55.15524943  13.34541599   7.19830297
 81.32774372  19.68016828  65.24318971
 17.99014208  31.53637576  14.77272207
 31.36561572  90.93347891  31.80715239
 20.48199141  14.21229630  16.58240582
  9.35729163   5.87661725   7.85854541
 18.92287408   9.03691851  17.74017232
  6.12782004   5.14449492   6.98169512
 27.61556206   9.78143890   5.94772765
 11.14026628   5.36868882   5.02208994
  4.43736892   5.48566543  18.40380871
 26.98681632  71.74882281  47.29377229
 53.20859652  34.18941198  21.69359610
 54.75189176   9.09923723   2.16628918
 69.69737456  25.53094406  13.21686893
126.13419395  23.64881767   9.37872242
  5.36529118   8.39252337  23.73149750
 16.07310282   4.36030132   6.65256435
  4.20094890  14.04611321   9.82661663
  3.39404695  12.46393465  23.01215243
 92.89361488  57.48359182  14.94830699
 57.33597029   4.42719252  14.26012659
 13.55943987   4.41242761  30.49115794
 21.60976507  22.47900748   5.05137227
 84.29710972  14.21104186   9.60698012
 21.98514581  10.42473774  40.17130481
  4.05551688  46.68383327  61.35213065
  6.97482845  43.19059306 106.04003216
 58.03318139   3.56645122   5.12699063
 10.53445217  11.53315829   3.52217086
 42.47875023  18.35292731  22.12396587
 11.19997548  12.70201690  13.27959479
 28.72231971  44.06822607   2.31874645
 41.46318778  15.26861776  32.24903664
 12.22122313  11.99485941   3.62467080
 15.75617815  17.39875243  10.69446926
  7.93572369  44.22462481  12.50993968
 18.09227635  40.89156378   6.73833879
 10.97792172  23.88336523  49.69053136
  4.77300938  78.29725849   6.74344064
  7.56556101  45.61815151  17.43500689
 83.75739013  14.57829382  17.64428647
  9.64085206  42.01690385  56.40910078
 29.17963404  34.15314277   4.64914555
 11.95130643  13.53199125  24.10681990
 11.56505733  11.09301215  10.26514986
 16.85679537  37.89244948  33.62720763
116.81377130   2.75387071  52.90890594
214.27003096   4.22386454  49.88807433
  5.30376431  12.46223902  45.54494813
  7.67450851  18.19366080  31.32994780
 14.05890408  68.81088633   5.93689854
  2.38312722   9.22946843  12.09617718
 12.40859568  28.77336621   4.32935700
 22.13766172  14.71572906   3.54943985
 19.37974601  14.03320180  23.25166509
 27.44957434   2.79888163  23.58504791
 64.51319199  35.72921543  11.12192154
 41.67952603  20.40904029  86.26034043
 78.20497693   9.21869397  18.90686527
  6.39721905  20.99962710  38.47248776
  8.92532098  35.36748939 118.71893234
 10.05429208  36.75277115   5.68694739
  9.08901084 130.25082342  19.46158353
 67.06808408  31.20163533  12.66931097
 47.34722545   4.22450243  58.98397082
 11.74207156   6.03102936  56.20390073
 28.72059949  13.55068032  16.67880121
 22.26138486   5.94326837  40.13510332
 31.21336918   5.33017644  17.71155889
 67.30586492  39.16980050   2.71620024
 67.30586492  26.86512224  24.17126383
 61.80099861  16.48900739  28.87132133
 27.84843741  31.45162745  21.86476524
209.07135217   7.14319981   6.39780942
 79.93135599  10.90415274   9.05098837
 27.76151595  86.56044344   6.41440525
 68.79223958  15.24892884  24.59122280
 28.22224683   2.10989656   1.89640279
  5.25595052  16.24962463   3.73741993
 11.07069132  34.30076275   9.63504563
 15.06049574  65.24024137   6.61722655
  8.27712653  13.28630696   8.66058231
 21.61543520  33.30816909  10.84540492
 28.35037330  13.95428675  15.98258836
 52.24691731   3.35118770   6.88553497
 20.36883219   3.96790512   2.73124490
 33.12665460   5.94673116   1.48719877
 24.46011706   6.32502391   2.64852935
 12.35405145  21.05690815  12.04524773
 20.03069184 113.36921042  86.41972079
 26.28154841 131.74790082  77.52442545
  8.33425702 192.37923099  25.39134242
  7.94687700  22.52808778  75.59861648
  4.35481435 225.59360446  16.31790716
 12.84439119   8.35998752 442.16624761
  9.32065040   3.24819797   3.01323974
 12.56393216  11.51615818  11.25317778
 37.20723638  13.57592782  31.45862376
 11.02842159   5.73195327  65.45165889
 79.87525838  21.67428457  41.92089932
 40.28844748   4.15997370 127.37010996
 25.91313881  12.85014128  17.58939459
  5.72519513  19.04925420  17.29736545
 38.61348012   3.12486522  17.69683228
 51.05661396   3.84200400  49.60073918
 68.95755293   9.10426877   4.21618778
 25.98437575  18.82565508  13.58178317
 12.42272755   9.76946996   9.97590368
  9.10293056  34.03466405  24.23887566
 25.42290718   4.03467037  91.96365410
 35.67814539   5.98924999   5.41579244
 11.01988513   5.49368663   8.57726409
  8.45481543   4.95735672   5.35511590
 18.78451663  24.74252166  12.85685138
 11.42866155   5.84732339   4.73293989
  6.27849099   1.95954199   2.80969797
 20.33208980  33.34606644  12.90684487
 60.58119792  12.59262465   4.31698081
  5.19344027   8.44081806   2.64450576
 14.05937627  23.24062260   5.94338738
  2.98347771  15.37026817  10.30523546
  6.92207081   5.90169072   1.54668154
  0.92639171   7.50550578   2.39602025
  1.10817381   1.99671722   2.05509884
 10.86821406   3.22561503   1.62898475
 61.79048662   1.48714928   3.30996047
 35.72808770   1.93298020  10.37383941
 34.01581847   7.86886832  22.37893458
  3.95725702   8.46303146   7.62760643
 26.59658857  15.57700971  10.71185268
  8.74323302   2.21739024   8.75291339
 29.36057880   8.54299938   7.49990153
 10.55437434   9.38773882  71.57798116
  4.63868852  33.80742794   8.66656021
 15.48885865  10.30532620  67.61257966
 13.23624835   3.15462761   5.81147792
 26.12003062   1.34363706   1.98488864
  4.42516726  28.47524847   1.64334543
  5.57550395  32.05475768   1.54825721
  4.96433100  50.27268841   1.96406575
  8.94533322  61.92944503   8.19066760
 48.38754626  18.10605922   7.83979314
 51.56132229   8.30279998   2.10432094
  5.46565804   7.32136863   1.15461399
  9.11778310   5.43193723   1.28301460
 22.73370623  10.70433726   3.75150720
  7.98999164   3.54443402   5.03741813
 10.97388350  11.10646013  18.45025828
 30.97594195  26.79031112   4.58073692
103.41611116  23.06091852   4.17063487
  9.38212655  26.63406008   2.23613217
 10.74491249 164.54494426  11.89672534
 16.95905709 417.50524406   9.12925335
119.14892205 417.09133185  12.91581512
121.30694606 417.09133185   9.21894062
 10.43210852 826.35085439  11.22562885
 46.61602393 826.35085439  16.08972123
146.67344639 826.35085439   7.73494900
146.67344639 826.35085439   8.04640350
 39.28385087 826.35085439   8.29264899
 68.32538380 826.35085439  16.56002179
 20.84805962 188.27181042   4.83653869
 10.93911036 188.27181042  21.69755222
 36.48421871  21.44467750  30.67890236
 23.47270922   5.39265768   4.56929344
123.76657794   8.39609813  23.46266357
226.30588419  12.46597194  11.03551567
 41.80165725  25.63304648  23.66355033
  5.27990904  60.18184660  33.56759456
  7.86039601  24.47817491  16.39561102
  4.36642840   4.21275966  16.46366433
 66.35425234   6.36628210   3.49486785
 71.20439586  15.64961181   6.25350530
 10.42020225   3.92674747  10.90652382
 29.92447702  85.54978872  24.44646327
 68.30035052  92.07977390  43.78517045
 28.08597267  16.51512485  26.96715516
  7.17168968   2.53165116 156.32791283
 32.28382169  13.83345481   4.72046284
 19.57223847  11.95429175  21.47364625
 20.13488253  11.67435152  15.96768674
 24.33345232   7.77325673  42.13888165
  9.84827681   7.26215558  10.59702943
  5.91761962   9.54054390   5.35826717
  2.38773180  12.65229964   4.84600674
 20.39784284  26.09414746   6.76004294
  5.20221884  71.90355990  12.73903967
 97.01873621   5.27417409  23.96126881
 13.23621608  15.88717359   8.37999574
  9.39161946  28.93736113  46.24221699
 47.79811808  28.52603335   7.75940689
  5.10006670  85.37976737  73.71517863
 57.08529671  27.20525880   9.52800085
  6.45068136  13.18876996  37.80787013
 29.37913858  30.36393556  46.94330602
  8.00424562   9.74259307 251.58849179
 12.54570945   5.28105200  68.74765881
 10.11846699  24.06632328  62.77028815
267.68658150  13.26340788  41.64167967
234.00910489   6.10358400  38.34058512
111.15483520  31.71749019  23.39579728
 41.17672611   2.89882262   8.42272344
 10.35442473   7.97152074  18.05879098
 33.55435027  15.86465629   2.76506721
 19.03970051   4.20708114   5.79187160
 87.43594054  15.19136485   5.93327249
 16.68047957  16.00101472  20.17535791
 12.58071232 138.02847433  12.94986960
  2.04469245  50.36774040  23.66035096
  3.95343095  67.56732522  17.53569190
 25.89452400  79.59992382  61.66368196
  8.82970207  17.79529276   9.65111719
 12.84772903  20.78835685  14.20010364
 29.34335677 346.55106540  17.35379607
 55.39773331 346.55106540  76.85754349
 26.53237473 108.98504169  24.12561773
  2.66590515 108.98504169  25.87081830
 48.68505195 272.70006860   4.11888032
  9.85644583  51.72154237   5.10882777
 40.77314591  39.98451545  19.10123380
108.60067398   3.17821354   3.75875055
515.11989080  33.84172832   4.90744267
678.69136736  11.90129096   3.64006554
245.23987076  29.19127744  11.02964903
245.23987076   7.29073425  25.34496548
245.23987076  37.00797862  35.59905143
 87.82521806  11.26108113  35.92436681
 10.18594359 113.27951356  38.82823287
 10.61531476  14.17222771  20.50195738
  9.79900029 238.62837704 154.21405922
 48.24642576 238.62837704 135.04389289
 15.77944442  60.45901152  52.21273894
 18.34549595  26.33214825  58.16958263
 51.42636703  14.58946442  21.24333367
 92.53676353   7.14206597  25.82949009
 18.62510780  22.16400031  28.35099045
 18.53667346  27.66301628   5.87736452
  7.67685915  16.13735300   3.81723894
 14.47028030  84.60925915  10.00276978
 23.00419782  82.72946863   3.77948429
  7.87249901   7.57472305   2.66433729
 39.17902041  31.87159673   2.15884657
  3.06686412  20.92743403   3.47804160
  0.70761308   5.78199338  29.71077475
  1.00007684  28.94636552   5.39435084
  3.41171162  28.76377208  69.53737835
  8.09796919  23.60550419  35.15698385
