 10.91082001  11.51574768  32.28023369
 12.03671635 155.76043410  29.64418475
 26.04247812 634.63734072  65.52155015
 13.92389081  15.31069313  50.01999512
  1.26254508  25.97168679   6.45653808
  4.06139506  20.68665404   7.47114927
 10.37341017  48.37188818  22.33856837
  3.26672369 155.81435267  19.47804315
  8.93552799  25.21844584   9.39545104
 64.97508365  13.22988101  13.92865160
 24.78021619  78.43555611  16.01286187
  4.89986737  24.48378993  13.00098679
 10.84350175   4.43872982 130.14783253
  9.80535818   4.43423661  35.45805904
125.24388904  15.14901953  16.27079420
 43.82505907   8.83582377  11.09267496
 31.43176278   3.77413876   5.65173467
 70.84521777   4.20487961  17.70856992
201.58879878   2.98338579  12.59706341
  8.09966317   8.31938631   9.86640275
  6.43733406   8.48497155 109.53732266
 11.08697540  83.08510575   9.37439035
 41.22944930  11.09326995  43.87805057
 53.13841500   6.71300580   4.80215639
 22.55490553 278.78394378   7.99846110
 12.24414177  82.58926876   6.04154255
  2.12228517 162.18242574  18.47380405
 11.17169083  71.62118402  20.62766650
 15.72573551 255.77897015  55.84723422
  8.68069395   5.34756085  77.93476535
  5.57072929  18.07797199  50.57176126
 21.02699904  20.19415732  16.27119559
 43.02665428  69.29430364  34.94014935
 25.07307035  15.87761677   6.50494863
 10.19092233 155.20181280  38.64383773
 12.91700633  16.36381568 101.49404644
 58.63446014  57.61566938  45.74494829
 96.21309383   5.62220485   3.47331901
102.77679938  56.77845927  14.79970936
102.77679938   6.60386469  61.10466167
 27.92718372   2.91131452  15.49950156
 34.46175295   2.34441981   4.25448696
 10.05826525   2.86443274  11.74442406
 10.34005939  21.52907991  14.06997350
 21.31243384  54.83028337  15.94231304
 47.05040259   5.89198836  28.06462542
 10.91007608  12.76654766  10.02028705
 22.03029295  32.67944811   9.84015073
 65.20056605  18.96815736   4.59375366
 43.62481684  11.14144672  34.69858237
 14.48910273   3.22402667   7.85949294
 22.26893754   5.70240119  12.48146643
 14.54351067   6.43807634  31.69544182
 20.76097882  15.41216366  20.89253354
 31.19300540  18.22192478 304.88730531
 21.23551995  23.97107079 304.88730531
276.68076472  10.67162355 304.88730531
276.68076472  12.52964763  12.80473919
 48.48363357   5.48508856  41.65163563
 35.81203272  62.43487340   6.00590510
 27.55999200  11.19079645   8.87432916
 16.97324318  33.35592256  33.84294702
 25.15930963   5.70569828  17.21685484
 28.27220657   9.84947417  50.79217482
  3.00419656   3.05308410  22.93548257
119.14483542  14.05224268  23.81847135
 24.21907360  11.60397342   4.71479093
 19.14949433  80.20099964   1.70459897
216.81664434  28.05820571   2.36660670
  5.46666309  14.14623705  23.55007535
 40.60681213  57.87239713  24.19958257
 47.89953787  90.31529556  11.19628840
 43.71313488 115.80952174 277.62586237
 38.64805996   4.20878380 277.62586237
 13.04520711   3.29338534 277.62586237
  3.21062318   6.78692994   4.41025211
 14.33286490  10.37701205   7.43079401
135.25297666  53.86808110  28.21368838
287.53796652  13.00734872 166.65834591
314.92786444   6.34925545  11.32423113
  4.44733395  42.72707436   7.46605305
  7.33502463  71.60484050  22.39145663
 36.99601656   4.79567406  50.19958704
 33.34963364   7.56813165  90.95113712
 19.10080811  17.02506498  13.09952447
  4.37206186   1.99436559  31.17478188
 12.20540098   4.48198734  31.41665364
 90.53816352  13.67140839  44.31073110
 23.50108489  17.77264213  13.57112420
 81.52594440  20.39913148  10.93078128
  1.27692562 245.52048038  50.59465101
 14.31038951 245.52048038  15.05706238
 16.58703224  24.58179108  15.92114290
 55.46400253   7.17850667  10.21489798
 19.48744211  26.74039249  16.88000913
  6.08105634   8.75511033 102.62159368
  7.40453902  59.93151799   8.34219147
 16.32978564   2.51513275  17.29050157
  4.37515484   2.26861461  53.43504834
 12.26993321   2.46231779  19.56856085
  5.06995677   4.62900626  15.58789493
  8.11985451   3.71831808   6.77772298
 39.77860653  77.92798855   5.03596252
 18.96476507  12.22464379   1.11169078
 38.33955851   4.18344055   1.11585876
 13.33049288   6.37570662   4.69599106
 17.41274925  13.70625742  85.75768414
 34.21330361  18.67694751  81.36830746
 93.06165051  48.77889700   4.34468060
186.51336014  53.51141132  24.04070772
 90.92712093   3.58558770   8.07122460
 96.00939501  10.69404871  77.28328984
  7.69025252  14.68706075  12.02874980
 10.35943308   3.24582338  36.56946842
 23.76427514   8.76490983   8.87128354
 29.03796652  25.74669152 133.51783527
 13.41210340  23.19776568 133.51783527
  7.39017772   6.83779498 243.03728647
 46.50004034  34.82385407  43.92502692
 14.51160382  17.13213419  35.97793304
  4.27653639  64.35347408  21.42774140
  8.47176009   4.83162253  25.09050288
 16.68939279   4.52135111 159.81619958
 91.43495779   8.14615188  81.52989893
 58.43690792  19.88272473   7.76021000
105.53158447 120.01122006  28.06087267
  5.70513106  18.88030078  30.03144695
 10.15110060   7.11743980  27.76063362
 14.44592202   8.67362866  24.15271644
 11.41586487  24.45363874   4.46572782
142.28729850 112.01442489   3.67199752
 26.37311108  90.03528381  17.06103816
 29.67956798 166.44718596  23.99904925
 32.07139771   9.20685440  58.66712894
 27.31857898  56.28841413  12.91626850
 24.98607112 156.10783466  22.72809896
 34.73737147  20.26919610  24.01008545
 22.06674609  32.14242536  15.10124807
  2.39612538   9.09761942  82.34053401
 62.03255165  12.63357242   4.05841650
 17.23219447   6.89543626  19.66486467
 33.38449281   5.67121722   5.10529803
124.37853197  23.19707641  15.17399027
 17.66299509  29.10792260  35.62492101
 67.50497396  77.16551316 190.86652964
  5.40121972  11.40854509  19.23803267
 64.15795100   6.45957015   9.23177606
 54.30059430   4.90709329  24.18898649
 35.39525275  13.86993850  32.46230829
199.96929678   5.38943015  92.97414741
 19.30580791  10.31785974  89.05050289
 47.92493809  26.39963169   4.60090147
 51.70243465   6.67801200   1.68187933
 66.97917181   1.65192545  34.98796737
 33.75513611  10.37775991  11.06591334
110.57894652   9.86303423  36.90117469
 34.72914086  10.42416187  51.22206847
  4.90584945  12.14819787  53.70175761
 66.17777177   2.56718258   6.03604880
161.79169698   2.16199955  11.25153516
161.79169698   1.37007633   2.08104656
  8.99741283   2.38418311  30.35036736
 22.46652310   4.17238168   9.02961863
116.60293899   2.81445240  24.82591850
116.60293899   4.54110121  79.58230037
 32.55573004 102.68702238  47.83201528
  5.07191229  39.12950908  13.57075857
 13.08713642  13.91452737   3.45782105
  9.27353473  35.54311253  14.56104400
 25.87556964  51.99258293  28.35874069
  4.54917338  27.42750371  10.38536756
 97.35086500  10.35156371   1.51705312
 36.20761652  53.43466129   0.95454132
 64.30523283  43.73526014   0.83129465
 16.11076413   6.64453740   1.09688290
 34.27784964  37.24830292   1.08481616
  4.71072252  46.41187043   2.05141150
  7.46965399   4.47822960   2.63126462
  6.46838488  23.89355465   8.12087914
 80.39065510   5.51817051  34.40447691
  8.10885055  26.24870327  25.85254215
 17.22951440   9.17243153  44.80675749
 12.30248704   1.85942556  39.10865505
  8.17314724  35.74065905  37.46109740
 37.69070162 226.12312664   8.48632629
 13.95068963 968.32888748  16.70632922
 20.12168487 589.15158722 151.42623950
 35.83075388 363.84819630 128.60937507
 29.92862576 363.84819630  32.12949704
  9.17319451 105.12090919  49.13569336
 26.11829656  91.49335432   9.58179965
 16.57050364 124.27013180  59.82986062
 13.59872416 140.69189009  79.50351128
 39.73293314  19.16774775   8.30942446
 14.51138611  24.35432122  38.98576443
  4.94519005 131.58579081  39.10764097
 31.14960000   2.29140859   6.97868993
 63.61990001   8.51146624  28.39008677
 33.60710718  33.74297135   6.76860980
 50.90881405  90.25690488  86.24875036
107.37653709 298.17220298  98.22279020
105.41363567  13.78812149   3.47141269
 35.79808654   8.18138552   5.80545971
 19.65293819   5.64506229  48.62751395
 67.27644453 105.97984294  28.29165328
 24.31967982 224.48026823 108.92880982
  7.46150618   7.53220896  27.68309488
 39.15544333  61.68783446  13.06259585
  5.81133729  66.07569958  29.35708993
 13.70812172  20.41745995   4.46752206
 63.01533941  20.72126724  50.00447369
 19.38018404 204.71587994  29.98493916
 48.62337709 204.71587994  20.93893072
 18.73047143 100.35434034  14.85399115
 54.07907612  13.66479883  19.17769927
 31.03994688  72.16070607  22.57239787
 22.25981032  12.06044439   6.95275326
 17.72328901  15.59255729  10.65614637
  3.84915588   4.77811358   5.76498976
 24.99497178  44.55209026  75.29141979
 44.57699169  14.18456886 183.09657376
122.48233019   4.40154149 333.48540883
 55.56710918   4.07881045 201.19241723
 64.46424037  15.90338418  41.16916689
  7.07252650 113.85960278  30.73825014
 13.88750766   5.88196995  36.40700045
 68.10412585  34.77231943  30.92947451
 57.65652113  34.49789881  18.27967156
137.28966523  43.90957428   3.79833040
  9.67061996  25.83186766  16.86103420
  7.41000750   4.47128252  33.96411433
 59.76287346  31.27161225  24.01210450
 12.10574178   8.56956161  60.02084463
  8.81846867  42.86137740  11.15899623
113.86276775  22.64188343  24.15346150
 74.27729268   6.63147214  18.05133159
 63.85123603  17.02640072  38.97374895
 63.85123603   5.37786696  20.52018332
 57.23625481   8.21969283  16.42671082
 86.67940398   3.74333365   4.79253835
124.99243260  58.76274539   7.03149833
 26.08907680  19.45922287   5.82564754
 76.73257419  13.42210144 245.02787407
 57.23492461  77.95648650  83.28656375
 10.68421903  10.37967639  30.71681252
  5.34867571  68.24014627   3.22454058
 12.83879317  39.41555243   9.22605681
 35.86609860  90.40922092 149.31948955
 40.33250277  93.05662965  11.47192892
 10.41340975  61.24960650  34.68727824
108.69354457   4.98853533  11.67448462
  2.49343901 241.14086908   4.62530028
  5.42909996  40.55279217  10.83335943
 13.02734307  70.61653943   2.69899496
 40.10045223  19.77715574   8.77120929
 23.31843565   5.04582926  11.05561737
 24.04330642  24.60891251  20.52041481
 71.93250356  64.59159514  12.06485599
  4.74905232  13.07793612  13.26753313
 34.23026046  19.98674504  13.92712157
 12.24021637  91.17041148   3.85475245
  8.42492312  17.38260375  10.17340025
 25.43705287   3.69588278  19.48945492
 24.40916108   6.27607138  31.02607772
 73.36785386  41.53103471 124.34429747
 19.20992588  12.82585616 109.88782430
 40.03240646  18.38883521  14.75318387
 53.37039697  52.82204329  13.92008245
  2.40815043 233.16854491  18.61883966
  5.97678043  43.02025019  21.29275519
 20.58366378   8.18242897   7.72866059
 85.67786123  20.83152673  53.65641881
 20.14967882   4.05289409  59.20321167
 90.94523748  30.86436273  15.46642918
 34.58158216  33.40318493  75.74064871
 24.25446216  18.08926764  42.39247011
 19.04230747   7.27082717  28.14943782
 29.20515094  52.62696863   7.38196439
 37.58591066  16.96949288  80.03493062
  7.36438653   7.30980044 693.97006067
 23.48907164  16.54038736 555.85339452
 14.86646675  13.25673888 555.85339452
  9.04232643   4.48342666 555.85339452
  2.52140181   3.37000165 364.11340340
 13.97783516  41.40675819   7.89421900
 26.24774557  19.70846037  16.43600744
  7.32753641  40.37624527 411.87988447
 10.25825467  11.22193318 411.87988447
 38.96015303  15.02804759   5.47172361
 97.06975688  11.83563974  34.30110797
  5.22669387   9.29172707   4.28424439
 42.17955743  17.41223143  95.13563710
 18.76996396   7.06962372   7.54455620
 23.23407345   2.96800403   8.44533512
 34.22970037  12.14358327  15.63855274
 12.42879500   5.37643375  17.34488136
 32.30428135  45.90689758   5.71451262
 70.28896415  24.95076214  28.52635162
 41.80484004   4.15931110  40.50019513
 20.48499145  75.72889973  22.93050402
 81.10728009  19.02468801  25.39815596
 67.40480270  13.81467383  41.89407643
 67.40480270   6.95483763   5.67915053
108.99630104  14.02933552   4.48980010
  8.45704413  25.56667519  10.21695267
 20.90377775   2.87024137  32.90342722
 43.67143187  13.73015800  15.17014862
116.65445069   5.05381644 135.66551574
116.65445069  17.02921681 249.42420270
128.35646997   8.02964510 467.83518131
 25.78880732  80.09255430 284.04850908
 83.78856255  14.08358604 132.04853012
 51.05352230  47.58447855  65.20148683
 42.93607606  20.42328826  58.88895914
180.24447009   5.38502853  30.31006697
151.52907942   8.95413917   8.64994707
 45.63043311 104.45699746  18.09967807
 16.95181168   9.87272744   1.96053315
  5.73195570   7.37550040   7.00931936
  6.82312493   9.83912151  13.82631961
 34.85610935   7.08011802  33.90671295
  2.75895353   7.47101289  30.45052627
  1.92610159  41.12540589  33.02678300
 13.92002746   6.17764256   7.77380760
117.83777388  59.62183159  25.96939722
117.83777388   7.40805668  24.55578918
 32.42199329   7.69408407  10.09813287
 19.49090011  20.28934325 159.63712496
131.11175701  36.15645614 159.63712496
 26.64450179   5.32084572  89.47093991
704.62224702  17.52223836   6.97552926
118.15082342  21.67595965  15.54589740
 20.57703460  54.60508658   7.02805392
 10.95574107 139.82984043  14.26999480
  9.56239974  42.96425037  84.19424668
 48.00023125  12.15535149   9.43281120
  3.38283312  32.40908425  28.66811696
 10.81790178  43.49895742  41.58510315
 81.75415452  48.54843070 206.93906380
 42.12689387  39.69425999  81.42916730
  5.03899661  19.71053985 162.75977681
 11.85397860   5.25711459 178.16995179
 10.44295378   3.16940207  70.14215012
 15.28614633   8.97996375  32.04087561
 15.42511144 151.00298791  29.94242310
 22.12761317  45.09762226 161.69059719
 34.92354302  27.33787755  21.78423260
 36.88495917  27.46429677  27.15665025
  3.45317870   5.40433735  42.70623784
 32.84088986   4.31528558  79.23302704
 33.16966328  85.44824335  66.33443300
 38.51409338  26.83041894 131.46637577
 11.01348414  99.25102793   4.85341555
 34.74313245  24.49201398   2.04469236
 17.46327594   5.84265431  40.48493948
 27.57529090  13.26850252  22.11404337
  6.26088281   7.03212148   4.87879193
 11.96839169  10.72768848   6.46765844
 24.21836331  14.05167815   5.58020970
100.34213950   6.70510706  10.84866607
  7.57464100   4.93885570  29.38827003
 18.42943840   2.06371306   4.18181741
 40.08339625   2.26261282  11.58702331
  3.71304366   1.28704615  12.68611767
  5.77924486   3.13648162   3.62070705
 41.44023474  17.64507533 117.25074068
130.06578479   8.27664249   6.67512933
 80.86054975  27.93917009  19.73582447
  9.16437589   3.72135258 134.80970736
  9.61716211   9.69744633 134.80970736
  8.78536336   4.56188971  21.70022414
 51.21609808   4.42314320  22.00516210
259.32730991   2.09958485  21.31558948
259.32730991   4.46927008   4.61391017
  9.03343232   2.00673540  64.08771116
 20.74407023   1.35618772  78.47232059
 18.91168484   1.50807476  14.27373644
 16.35492829   9.37298156  85.13952996
  9.08072385   4.65300680   7.37693095
 13.17237928  35.32356407   9.73926200
  2.62513780 416.43604658   8.27090021
 62.05372094  21.86625595  10.85607448
 46.03250321  46.54395586  41.23385414
127.06613056  19.76393578  32.05151984
 77.35862036   5.54795223  56.98185012
 20.94165023  23.81351648  21.25587677
 13.92845777   2.90586231   6.00414992
  8.16095846  28.74173795  16.65700342
 13.72510811  12.51263328   1.74376225
  3.77678612  12.03584166   2.16214353
  6.15228517  10.53482527  14.17242097
 24.61139331   4.79084761  71.19085687
 12.36447959  22.88170975  27.87697728
  7.06417115  16.28155171  60.37995552
112.40443856  28.65418197   5.14475537
 24.20267436 138.03429134   4.77607953
 63.26790763  23.75225729   7.70139991
142.13446704   2.50720670  29.03266637
187.42281083   3.89388524  20.60420731
 25.58289542   6.58345413  20.81100710
 17.58566053   8.25353953  24.68063502
 19.05604288  26.96474390  31.10354755
  5.63382672   8.76400442  16.07656545
 53.55486724  21.31520814   8.44464462
 12.61476297   6.67449843  58.97861048
 61.29261176  12.20678223  90.21452479
 63.96065461 115.60625634  11.25980711
 18.43876383  22.50338298  24.99461270
 14.75740211 102.80664283  74.20351565
 25.33834651   8.54535684  29.59461506
 29.45702731   6.81678997 457.81326643
 45.12375290   3.91705323 535.84910951
 45.12375290  25.10998905  58.16579920
 18.97592643   4.75974827  32.97298060
 39.76754127   2.47420060  54.38323637
 37.08938472   3.12078539  17.45293189
 31.68449801  12.23378899  19.75664416
 91.98760224   1.97384507  10.40456883
193.71500627   1.49748464   4.65346752
109.24564405   4.28991472   5.51541651
168.04824032  10.77588957   3.06476875
 17.44202062   7.25372063  34.70236274
  5.99239493  12.05474077  22.72038332
  7.79137653 171.86908643   4.09085228
 22.62245507   3.75214030  25.50437719
 25.74191794  14.80658301  33.57812650
 16.64463903  22.38443853  42.55694481
  7.48244615  53.88408377  10.26644187
  5.97772947   9.74924638   6.07413017
 15.75646244  15.66727858  68.23330872
 81.03528347  14.68568727   2.57861326
 81.03528347  14.87739468  22.91652767
  3.73108606  20.61135007  72.36083874
 22.86169039  15.82006995   8.55156290
 14.94014331   6.14758806  82.01285044
 19.50988325  35.66510167  81.62683611
 46.11804992   9.48672021   6.23569025
 27.74245864  18.79626904   5.69236736
 16.47839235  14.91604395  21.53208548
  9.44342594   4.28596539  12.92958887
 45.02891964   5.03842480  20.22394516
110.06631871  15.09742861  12.91458468
 19.33832169  10.92404782  18.70807224
 23.44111119   7.51385110  11.73430998
 28.65289791   8.18773665   2.17596322
 32.78040560  17.30208413  15.73319904
  6.59474824  37.18252268  73.69227780
 39.18003372 125.22023005   5.24721851
 13.94861482  37.43319250  20.70492452
 17.68827887 143.48477050  19.28815348
 41.43189832  18.91839727  19.84853185
 32.38327397   8.77338380  10.14921989
 32.05640573   3.50449055   4.97044783
 24.10503799  13.68250180   7.24185621
  9.69673632  10.29490632  28.32276257
 17.28082845  10.03594937  12.53813439
 18.88267926   6.18637182   6.78197733
  4.68593576  55.48554637  23.50198897
 16.25841052  73.43518519  26.42330950
  8.92691400   2.04034397   6.10884265
  9.33130540   2.33957962   9.70888119
 31.61392265   1.80939105  62.96848096
 19.71003362   1.43780521 108.33645991
 26.20369027  11.27146458  12.61975933
 22.34633269 101.55597229  13.81262295
  8.12466240   2.93254316   9.17996655
 16.82201533  12.77340135  13.32607135
 26.83738720  16.50289342  36.59743804
 17.95035553  10.15599839  12.68229661
 28.06501577   9.60370308  72.87524641
 38.50981988   6.96614331  85.26666851
  7.53340436  21.64979738  15.43542504
 17.82527908   4.47585241 135.33778604
 35.27101398  48.84665248  80.11182827
 32.26647354  38.84233683  43.08594026
 16.95713979  30.01936953  68.97017207
 98.90038954  12.56482733  13.28926102
 12.53533494 138.51916311  39.68288058
 13.10123135 116.48427316  43.76038444
  9.28788821  22.20338650  37.29424332
  1.33753376  15.78896699 122.98420541
  4.11973813  14.11986151  62.86332151
 35.59730055  72.78462825   8.15334228
156.94234017  21.16472820   3.21925770
496.94771441  10.81257156   9.19427974
496.94771441   5.62852670   3.97508673
496.94771441   3.81029454   2.60003170
142.90007959  17.32378395  21.04014128
145.94324289 195.54651923  17.71128998
 30.63742373  99.72893647  46.42691487
 21.88837577  62.80528441  24.79174572
  7.76014528  38.43907126  44.18025595
 15.96250622  16.00907595  33.53788236
123.41421015  31.28798968  77.24175745
123.41421015   5.21412671  10.73006472
 20.09078808  75.90110183  16.75173045
 21.70494991  15.82559550 142.07053344
  4.46784792  13.38578045  24.20969396
 29.48883799   6.25215029  17.59325004
 52.52434379 180.48581166  12.63554845
 73.93886672  26.99054336   6.22343756
 79.85629736   7.31564775  49.40223222
102.78623088  12.90947559  18.28090487
102.78623088   2.67011776   2.58488495
 40.82060576   3.05560495  24.18753539
 34.32383630   4.16078527  15.26184560
  4.59198579  10.33387782  10.77063090
  7.51078328   6.96906328  34.17292787
  6.81054358   3.29106433  19.90568997
 36.89904016   1.43207814  42.56219716
 21.86988516   1.03104502  73.04512964
 11.01308939   3.38165375  10.17101183
 31.21533168  17.00571658  14.62699745
 12.39759300  21.21219168 314.61835172
  2.89081295  17.50120170 167.06807701
  3.75410764  14.10286708  42.29042701
 24.01636313  10.49127395  10.14595926
 84.17112780   3.81312773  55.88200847
 77.51248658   6.04665712   6.51586613
231.92416550  41.96343279  40.46769973
 51.48711278  27.38007961  61.45603053
  8.94202066  12.44983120  29.57308795
 21.52876670  45.49363358  10.65909370
173.80552797   4.13337356  19.21520270
  8.09133479 244.94803897  30.30260275
 50.89634605 336.91505025 206.89184432
  3.89437340 336.91505025 520.96461323
 19.04303068 336.91505025 520.96461323
  7.88325462 135.33366756 310.91818811
 22.13334385 106.96136587 310.91818811
 14.31980147  65.21593079 310.91818811
  9.29046336 101.68933118 114.14626737
 86.56688225  17.16436208  12.28247960
 60.35521199 112.62792937   3.09852568
 46.50716032  19.11248073   1.73493093
  7.15732198  35.09083730  23.53654351
 17.31947770  26.91247032  69.94307745
 37.90991237   5.47762319  11.65661213
 14.03592326  30.64218963   9.67524525
 14.26462940  16.15972435  13.75832395
 39.71600028   5.43388837  13.45252760
 10.76180028  45.14984277  26.49769449
 24.83127102  20.49055432  65.27183222
 40.91149087  11.52668628  48.26465660
 12.35603760   7.65641958  28.55690750
  4.80229234  36.82974536  18.30250111
 93.71440292  14.67001924  11.73699511
103.35406698  23.09260523  26.13662612
 12.34272242  24.59669316  19.46565151
 27.42850440  56.81054270  20.06558689
 39.43855737 111.40665630   8.55789336
 33.71473185  13.43389998  19.36522511
 18.35145921 115.48843424  33.95329349
 33.15167269 115.48843424  27.01099572
 20.91728696  40.37398400  16.07694051
 62.60579591  24.27894951 302.01067949
 12.67386711   9.60394656 390.26281712
 35.46508385  20.32650922 390.26281712
 41.95980145  16.40849475 385.46200786
 92.07263402  31.83222218 205.57318817
 14.75702633  28.89642311 188.32030631
 30.59490424  45.14340748  74.39941552
 10.60584866  13.63293922 133.14789547
  9.79959748  15.56641366  44.83938482
  6.55778404  24.86043187 165.33703485
 20.42717461  16.12577758   6.65494395
 21.48561493  30.20705078   6.34097768
 11.80784448   9.18257012  59.97385903
 37.79992938  18.98577558 153.97337581
 13.30954567  42.41566970 153.97337581
 57.92211658  18.76434900  19.71376727
 99.39624271 100.36906217  13.75551634
 92.50424783 228.77328556   8.72719408
 10.70253542 408.13463771   9.17038301
  2.84939250  30.32506196  54.24598847
 15.95593261  82.80032358 110.30575397
 10.83243216  63.38440817   7.44762277
  9.84870701  17.53593661  50.71898916
 85.11585502  20.42868273  28.27517753
 26.54932206  10.44849857  33.09113140
 18.78070513 136.77947627   9.09003149
 22.83505265  11.16099681  14.25908728
 15.76875020  77.40575232  20.87898512
  9.83188560  26.87720148  45.73140864
  8.86300578 188.59389733  15.72037212
 36.28663145   7.67718820  33.98714570
 19.01049863  89.54574253  11.39321805
 30.65567343  48.47728946   1.60537565
  4.01407944  42.16643448   7.73854330
  2.89176483  26.50492548  12.01804925
  2.66956879  48.92997048   3.14714127
 11.29907623  28.13556110  10.97470094
 68.66374702   8.20103903  42.46992272
548.66166356   9.72606295  21.91887705
200.66624014  11.06195188  14.82074677
 64.75593551   6.07297982  48.26908910
 69.91171861  13.30394827  23.24780771
 44.44212881  14.12264744  21.45966463
316.85059151   5.55848456  23.48139911
269.85434608  24.93816800  26.99626973
219.74607108   7.89470920   6.86632759
 30.87586138  41.11421327  67.27064191
 16.50626316   8.82806402  64.54922029
  3.77724883  26.82623191  18.87121475
 12.32728191  44.28627593  10.69288762
  6.15623845  42.08181323  13.23486227
 17.66085808  11.15131461  27.64855678
 44.21343274   6.60475308   4.10827933
 16.63521712   7.78143410  22.43184808
 13.41194875  21.48467712   8.12227069
 49.36456625  15.57511022  26.63532229
 51.97882064  21.85740508  10.21688128
 78.17442740  47.90661965  37.38805135
 27.00129776  13.01325924  13.14905302
  4.61252622  10.12136801   8.20824919
  1.41987881  90.92577753   7.97458817
 16.99761637 108.31877358  10.65887667
 13.90277985 199.72859903  18.44582215
 17.73594790  66.17117525  32.58100480
  3.29464418  16.25629202  77.85338120
 64.03206300  10.42018577  22.25571297
154.04816020   7.78189222  30.46471656
150.16558674   8.73997451  32.88380235
 20.31201607  20.50733692  21.90562192
 16.39274149   5.18729669  14.62129235
  5.43264991   2.69008444   7.71972056
 13.07916675  11.77880463  46.46090836
 35.70407919   5.36407461  22.99009293
 11.28386275  40.62585092   9.89700399
  5.36767112   3.17462382   3.39587936
 31.22304435   5.88918484  11.58471711
  7.35378116   6.10079492  21.16672770
  5.85319231  13.68854833   5.27065047
 61.84412941  10.93261748  56.78275754
  2.98334587  32.66193750 191.53183330
 12.21777034  59.46873278  21.96901839
  4.43798596 125.77641074 124.86058809
  6.37714185 127.81159864 141.25268795
 25.12408947  11.90685051 130.68803038
  1.93405293  35.83197709  22.79324960
  8.50486655  19.73305032  11.76139591
 48.98066033  47.81447450  21.64711938
 21.51686482  57.96440151  15.23204889
  8.69557269  14.92165334  14.39668807
 46.99478882  50.10435432   7.68127318
 19.60894703 253.65216155   6.64527093
  7.02666091 300.97995753  25.90090143
 23.91319384  37.83228641  18.22244778
 10.62040385  17.27257986 103.04513059
  8.95578678  19.65757654 305.07096560
 30.45547995  46.91080275  21.53512662
  4.23687325   8.16223686   9.96169069
 61.26086801   3.16075957  56.06602586
 37.87319010   1.51952495  21.24704563
 38.41849742   4.29066634  32.01924938
178.70129712   8.37515098  17.25179537
363.37585423   4.29259269  22.22724766
363.37585423   9.03345243  32.27275834
 55.18172300  10.44761279  13.96871515
108.26139760   3.71933184   3.09991233
 32.59097524  44.18893667  24.88682454
  6.79683776  67.45113048  49.53710436
 56.87585067  26.79415212 178.00027905
  5.93113366  14.06116170  25.33497558
 42.08604711   5.44336003  35.48378574
 29.46965612  27.54080392  19.64778789
 14.66278980   7.81046108  32.76493084
 41.57015273  17.85939853  40.62494157
100.43966067  16.05648411   9.40895566
 24.37788036  24.66617156  17.22282161
 14.23484919  97.07398523  31.23218641
 24.79969609  29.57830251  33.57218774
  4.65148165   4.58816265   3.87227322
 22.24818654   4.73650202   2.67413671
  5.75772008   8.64995406  40.58289934
 31.69165929  20.06118745  86.92161747
 11.39121861  16.86214039 123.36805525
 70.27437028   6.91619753   7.55722315
 70.72036615  19.80638315  17.72088861
 48.38909425  10.99747151  44.44210854
125.71254446   3.90014959   2.94407915
125.71254446  19.63447826   5.99649230
 81.40971399   7.93357701  49.16473289
 96.36717662  25.02194411  15.56400314
 28.12414763   9.66150002  25.84056444
  8.13421694 436.74773485  11.25295739
  7.85319403 436.74773485   3.97439250
 22.93064072   5.73574261   5.49844510
 12.65949383  78.81063800  12.67014680
 74.35756130 110.77310441  69.05608683
 23.97666354   6.40781541   4.41051475
 32.41429257  14.22383383  28.69471026
  4.42899954  29.49972982  57.10105125
 13.94583726 136.01852839  10.98036826
  5.84840716  14.03406012   5.01944798
 24.48937308  49.05955318   9.93534953
 10.79075631  67.58012480  22.03126845
 30.26591325  19.24303503  46.39236693
 32.40031799   9.98168570  48.38086081
 14.42612790   2.47433718   6.09179402
  6.52421625   6.13778150  18.46387108
 30.84670559  22.18425402  23.34275965
 88.57272338  21.18274921   9.90197704
 40.94242982  19.72039937 129.58380548
 46.24253310   9.51158838  44.26407789
 58.90813043  26.78473824  22.93330064
 46.86874471  15.48252629   5.22581717
 33.83632523  10.54644466  14.86868857
 17.97854059   7.16321488   3.69815525
 19.96585364 186.14115239  14.89476292
 13.69709064  34.36629910 121.66336619
 35.05122705   6.35437522   7.20108746
 28.15809493   2.49136568   5.30820984
  8.17533415   1.76864959   5.09080058
 37.98081266  17.20194625 143.22696801
 97.57870511  12.73551313  16.21113966
 19.47415529  20.89470666  12.26316318
 14.84078532 136.32547948  19.21187124
 53.53233010  15.42002220  12.39915754
 11.08375827   6.81304430   3.55574808
 17.12921571  42.54828269  24.95756142
 42.91422788   3.93809280   7.52249991
 36.91823828   3.07330599  48.16525928
113.99924654  12.11960786 402.90517544
 15.25994458  23.20539265 402.90517544
 27.78664693  10.48647621 402.90517544
 19.16387946  25.53051295 402.90517544
  6.96444322  17.18943027  75.65646764
120.54163514   4.16945935  21.47176773
275.00276421  14.31381452  61.48002160
275.00276421  25.61267367  10.60365715
275.00276421   2.68831931  20.17241880
207.03356414   8.79427755  31.60434583
207.03356414  30.61648109   7.06022914
134.91766201  16.27065429  23.87586434
 39.91421877  16.04630484  16.15486855
 25.93621852  30.69057864  57.68327630
 16.27283262  65.19065849 154.70534272
  2.79924212  40.82388747   5.70057849
  2.23653468   8.74125549 206.06174622
  7.11186880  18.88603393 206.06174622
 14.66419578  84.68983793 341.32427465
  9.81428795  34.90627458 341.32427465
  6.43332433  18.02237075 341.32427465
  3.67984871  19.43535079 341.32427465
  7.81403544  98.74709917 341.32427465
  9.57912135  46.80683492 341.32427465
  9.14410474   2.06346426 341.32427465
  5.54317925  18.50979300 564.13433157
  3.02770417   7.69255043 255.86367320
  5.04624142  15.75337154  11.37540271
 14.17718548  10.47186727  18.07915319
 23.34043105  17.85059194  47.50202513
 68.71297930  20.89566244 110.56534730
 62.60942183  11.05401771  13.16395630
 11.95428413   4.17052353 149.62049369
 22.69052673  11.33760925 149.62049369
 13.67127890  13.60626894 149.62049369
 77.84207611  29.05019639  94.13264149
 10.95775840 275.05973212  31.93541228
  7.83199892  19.64721031  95.34892113
 72.63033790  63.95945082 144.78089555
 18.20840153  47.59832263  46.26760144
 35.56959954  34.62360075  31.50087808
 16.38737494  70.07011917  22.38521148
  5.83612353  58.53428955   6.20027740
  5.78933658   5.70225117  38.84026943
  8.77806722  31.38594301  33.72326029
 33.57700122  41.67287794  37.49847645
120.76965085   7.84986541  10.25415409
 38.24077112  16.14919974   2.12464602
 19.19301244   8.22923463  13.20826070
 36.60411027 202.92655261  31.98212486
  3.43850173  10.23568080  10.65752242
  6.06567938   9.39888468  30.15522060
 16.54399248   3.97349075  15.38568201
 42.19510262  84.32141836  22.00998936
 37.33280901  47.38292173  87.03789181
  6.99915586  10.33210313  16.87091857
  5.97485322   8.00279117  40.85628835
105.91116293   8.13063124  27.02090202
 46.41560268  11.02111932  77.99908154
 41.43068660  61.42444141  45.50531724
 27.98234075  13.80791578  27.71233985
 44.65516616   5.96172673  42.50872279
 12.93366673   3.05224425   8.38314190
 12.27417286   2.91852414  11.08498183
 22.94991614   8.85961124   5.14105756
 13.41856287   9.83051593   9.47621395
 31.64871892  13.56748413  33.00966527
 18.51247064  49.28262602   9.72158425
 35.39779055  18.01219692  44.37775627
 90.39150579  53.69095650  35.67326881
 37.18677592  26.08366068   8.20439619
 52.89262119 139.63359654  19.81068650
 30.92053093  34.01907625  30.25221866
 11.47269803  45.31096734  27.66773198
 62.96373394   6.92410884  35.99777493
  6.70549371  15.04258880  15.18850578
111.49962012   7.35689890  13.28327479
 74.27362452   6.47001464   2.91230687
 50.60343989  31.86329304   6.30004330
 12.14313466  16.22419407  57.58746086
  9.74398963  17.53598471  14.16774241
 45.02896437 146.44686344  20.37817090
  5.22717470 109.42312321  38.64688414
 13.64544160  28.98926305  11.37794315
  8.67300456   3.01067458  38.26816223
  5.79602546  10.68798793 171.71568350
 24.58018883  13.85144736  18.79818199
 13.94675899   5.25409371   9.98882370
 12.76710580   4.55325930  33.88644184
  5.60807251  43.87502308 105.74638599
 64.48989566  16.54982636  28.78530458
 18.22124453  26.50805943  28.45465580
 15.42589986  11.37321598   2.54624923
 16.63970492  16.42916465  27.45262703
 25.82364154   5.52569746  74.43291738
  5.22986508  20.57475552  97.17831334
 14.44098461  11.92021213  70.94679247
116.18611576  56.66757454 120.00396212
 86.38039563   9.46943413   8.98501024
 39.35390887   6.79227250  58.56898152
 96.13421341   4.07985158 266.47398462
256.48423904   3.77488409 109.61211313
 27.81258444   5.93533242  22.77769550
 41.73489356  22.54203592  22.10526848
 12.02336784   5.46824501  41.88826463
 18.11775759 109.41433783  33.04800576
 21.64606337  48.39388322  65.16487485
 30.76464673   5.22405813  73.81307908
 28.00163291   5.67520202  91.82540098
  7.99713924  16.42169361  34.31593508
  8.28618909   6.88139789  12.15177742
 14.75871898  18.19592378  13.54414117
 55.80116271   4.16703085   7.19412650
198.26298489   7.19032080  14.07736316
239.88353234  22.67023059  40.93752077
328.48753290   5.23299003  69.91141437
119.46786537   6.90102281  28.31461744
 69.06415983   4.67875044  12.78726772
152.09348400  18.31641680  42.46555561
 19.10815576   6.14529193   7.78584044
 41.13918751  16.19310418  20.16081778
 14.54989076  20.56642319   3.28595215
 21.09115512  39.96840038  16.34874032
 30.66696640  25.02704490  56.97574865
131.32595077   6.86121579   8.04189937
 96.94015344  31.85570183 280.98024429
 32.74784278  15.43698846 123.32331109
 18.91592074  49.99039504  11.32272920
 12.07060419   6.16315229  13.02502324
114.83931784   2.59957325   4.51569352
 22.12648704   2.51095339   9.83788455
127.27468571  21.13017844  13.65254900
 58.13858942  17.91603332  60.44562674
 46.28068383  23.64557757  82.16705411
108.45635927  10.76303226  98.65517646
 16.46079220  10.39082556  11.61563175
 27.85253389  22.64480890   8.35245938
  8.46059632  35.58957789  15.91525840
  9.54402763  19.52388900   6.57541975
 18.23498882  16.76713340  74.60273982
 13.66905827 245.49274008   8.38313028
 21.51473461 106.38139728  14.61253427
 74.39855593   9.58637584   3.63669863
 38.22442439   2.73772880   4.43782368
 51.00503179  10.07681420  26.34154196
 19.90879319  12.41585175  30.19576712
  7.30837467   1.70115664  39.47658489
 15.69899357   3.11663509  11.73833213
 23.24824234  35.67177978  73.51601094
  7.99924788  12.36365668  76.43550333
 42.12435742  73.05587153  21.02315535
 92.06481023  29.38424583   3.86637260
 43.10821750 100.26778834  21.89378014
 15.42416423  14.61408874  40.99216482
  5.13460214  20.45096933  16.77642046
 43.86399730   3.72158215  82.80901335
 12.95080196  14.06959659  13.84637646
  7.88979940  17.74497471   5.28510677
 39.01734042  29.30871377   7.03052774
 17.11399901  25.15796461  22.96538805
 26.64828869   5.98914431   5.85890682
  6.29065419  28.12754220 161.27977801
 22.35991289  74.56899591  14.68749625
 21.28796501  22.72506470   3.99408169
 83.97325334  11.70204008   5.49556604
  6.17100368  89.70380595  11.13301265
  6.62518393  35.94521819   7.32359125
 13.50657113   6.37118758  12.00760422
 21.80341951  27.95887803  15.65646543
 10.60948344   7.14476985  21.74483318
  8.73082643  12.42851521   4.05540014
  9.06521988   6.94804562  38.11377039
  5.96782311   7.64178383   8.21637597
  5.92481366   3.41104237  24.22391616
 29.37601687  10.33005192  55.20101245
  8.41094817   3.04848762  11.02787929
 38.70274379   7.11177889   5.29649152
 56.91333159  41.36313427   9.45901202
104.19070465  20.12236728 120.84990498
 22.88941502   7.05115620 169.81109274
 19.06876517  37.60424671 134.75863007
 29.65365162   7.05456803  29.30049663
 14.59615942  42.32153961   7.59283295
 17.03293424   5.65842195  37.86654503
127.45283357  18.87219812  16.99833118
 64.66072194  15.64218226  13.25106346
300.08665554  54.06930019  48.62829766
958.37946259  70.46813272  19.31228087
958.37946259  17.96177203   3.60983804
958.37946259  11.41105379  62.48672153
958.37946259  31.44704377  70.95610356
958.37946259  18.29026449  90.79803189
958.37946259  14.72131502  74.33943695
958.37946259  59.49210019   8.32410080
880.02159502  10.06215273   7.33643686
880.02159502  19.54344408  54.18437400
880.02159502  10.90890180  12.31569306
880.02159502   3.87667019  10.65943330
 59.91094134  32.75489143  74.79178276
 12.48419168   5.76796157   5.78616169
 32.64926700   7.69927981   7.94757865
 47.24706665  43.16171735  64.16676037
 25.27427439  23.05858578  52.95772235
 47.74368656  10.60098468 118.18305273
  8.42097610  35.05851470 309.28340306
 31.46814211  25.84326510  26.50955265
 38.21775588  35.94294546  24.94298001
 64.93802064  17.33207542  12.70189511
 17.79466359   6.92605733  12.08451079
 12.62782000  11.29984181  11.36273808
 14.32852397  28.23404548  47.93658558
 14.13036107  29.05879744  52.26153354
 90.20693125  16.07243621 323.00778129
 13.72322349   7.23223765 204.39740863
  5.71219266   9.29632537 964.35883883
  9.47691045  29.58546608 964.35883883
 24.87807954   5.28884782 964.35883883
  4.88505738   5.26818239 964.35883883
  8.08279634 115.39345227 852.47090001
 14.43613373  20.22174605 852.47090001
 19.25407574   8.22766195 824.35381198
 29.13232221   7.39763191 114.20759391
  4.83551767  17.05379079  81.84591123
 72.45523876   4.17968237 165.78690300
  6.51608773   7.41900865  21.03376900
 17.17646593  39.92164488  54.74854710
 31.23506528  86.90596661  45.57567811
  8.71166233  23.48574358  20.29577513
  6.67201147  22.11433987  31.94718395
  3.81663051  29.94729649 111.03769089
  3.44021161   3.34024029  14.98211755
 33.64674714  18.01583366  19.31000072
 12.01247071  30.83189337  56.29915940
 62.16544055  24.59069499  27.44780017
 75.14246962  41.85410468  14.96996280
112.58729120 322.90611808  13.61343142
112.58729120 243.07468422  29.20804794
  3.45556124 573.56117123  13.03628261
  3.48405287 573.56117123  22.35605619
 13.27442215 573.56117123  10.31236271
 15.78376771 629.55968952  14.88398455
 44.71494448 629.55968952  14.82981375
 41.83160852 629.55968952   4.15959997
  6.82635116 629.55968952  13.24322522
 35.58876827 274.55431718  19.87043731
 77.01201601  39.11587772  21.22456115
  3.18184588  11.21345102  21.17346913
 18.54758965  12.86658717  54.14625549
 47.17791872  76.40848999 807.23767973
 21.90041352 123.06912943 ************
 43.61494559 141.53602922 ************
 26.56262288 141.53602922 ************
 25.97506553 141.53602922 ************
  8.18664156  38.35795409 ************
 15.95258797  11.67916861 ************
  8.26537936   7.02562013 ************
 32.65974187   4.63234884 ************
  5.87104733   8.85337954 ************
 25.56923551  12.96313737 ************
  9.88877433  20.02538145 ************
 23.02897301  29.31030353 ************
 10.09132292  23.95027377 ************
  7.85673593   3.06405397 ************
 18.60789260  56.39629559 ************
  9.83125791  19.83063711 ************
 34.40205908  42.07442321 ************
 98.95160235  59.61578757 ************
 50.37697971   7.56061003 ************
  8.55702716   3.36416587 ************
 10.72192918  17.11419648 ************
  4.95974235  15.66821176 ************
 66.77738193  29.34301906 ************
 19.75467518  61.93055125 ************
  1.97066090  26.40363283 ************
  2.03904394  11.27460137 ************
 10.93463290  19.07308910 ************
 31.20664179   9.63504462 236.65659128
