 35.29037208  61.75944083  19.99402783
 32.09729263  27.50606520  10.84123453
 77.36818165  92.54748125  66.60380317
 23.54330812  44.98662720  41.99257772
 26.91870589  54.64855569  57.34449653
  9.52220136  50.25302583  23.35131966
143.34598521  12.04119892  12.10358494
143.34598521  44.72290148  10.31727576
 82.97425754  14.64364351  45.71134323
 10.25120737 305.70523021  35.04308048
 33.53008483  38.10509661  19.96524153
117.28318042 142.34473166  20.32647826
  9.71721256  53.26799132  30.49474326
 28.97814849  20.25493262  14.27874464
  9.55123313 355.74399662  55.27399204
 42.95516443  13.75077600  11.51427561
 57.24122503  13.11322224   4.51120563
 28.24597685  31.06732312  17.92349973
 54.89538522  43.50695807  12.81747105
 34.41903865  14.35617808 133.47440006
 36.17712231  31.74759208   7.98190226
 52.58736089  24.71904245  17.44393701
 34.52009288  21.30505422  13.44745567
 78.01087226  37.00754597  16.17732264
 14.94247942  76.57047858   7.92439439
 19.96313054  24.16614505  53.70980037
 73.79413118 129.70119601  49.78879183
 38.55633463  56.15651066  23.44847522
 21.17529080  41.29535980  22.60270497
 16.67868359 302.98107322  23.97198248
 10.09989646 276.44628832  52.70051847
 32.10398993  34.41247159  43.10532204
 21.48845013  15.15215526  48.37447280
115.18001248 198.88883052  24.85088567
 40.94257696 205.23602792  24.94524734
 16.63401807  60.28466269 228.09703014
 53.34246119  47.30877525  74.98457612
 71.48967571  20.04334086  37.34414088
 51.09406957 127.49095066  81.36129630
 42.56038705   7.30547245  18.96749026
 97.09574207   5.32682830  15.19234220
 14.30585209   5.07089594  20.75645531
  8.18635971   9.39354359  72.87101848
 35.63535417  43.95798714  56.50544463
 78.24467020  29.45200775 232.57001430
 13.32710453  25.20582503   6.31523008
 10.46834129  18.57321227   4.62358378
 17.06820140  33.36705912  27.48125661
 94.69850951  15.07984841  57.35384067
 15.57244578   8.77342256  22.92817081
  7.65288622  23.40489451  43.16895856
 91.99650250  78.04120539  29.89492010
 58.56658657 120.88273161  36.84535148
 73.77343528  21.30387070 384.63516920
 24.61978567   7.37018502 384.63516920
 36.90128122   4.77675309 141.08107185
 35.55093837   6.44314414  80.96906693
 31.67925218   6.61267742 262.61773496
 25.65645542   4.26039851  64.39136691
 28.15496615  32.89551490  60.67029704
 99.86983726  27.09862937 132.95441924
 17.75022115  14.42253875  27.47915395
160.45713661  19.56612238   5.75576566
 75.56594002  51.24257971  24.37314013
 26.24697739  59.43260174  49.22872847
 12.46320365  41.63048943 104.72797641
 61.67320551  21.01798642  39.99881154
162.36954899 163.15684071  87.13027682
 89.17060869 602.11231421 281.41225016
 44.15801694 554.26458792 150.78773483
  4.95180845 688.81313710  64.42749418
 16.85793682  98.30829606 238.49349560
 15.72852085 703.77129655  45.74759947
 19.37021024 295.14906129  47.75721813
 45.18368285 116.44048581  53.92950705
 51.46150080  13.69245314  56.30388165
 46.32943791  18.63124735   9.80182559
 23.79721910  17.58554980  16.31409576
 29.72192493  33.17731279  14.54157458
 37.42190876 154.03924009 233.02930189
 91.10731710  14.54875062 130.17287238
 25.05785382  28.03517930  94.18678286
129.89185360  74.47595680  24.31909852
196.82773000  69.63472569  50.11943960
126.12929203   7.80598676  10.28876614
116.18449942   5.25491315  13.22867317
 56.37801534   5.59825723 207.85748701
 23.30243095  12.29816356  95.21872710
 21.65050429  14.14587253  15.83132717
  6.74020584   8.95285226  11.32029001
 48.90328663  14.08095634   6.80562912
 73.04863889  13.92091396  27.24828456
173.47947289  55.56326080  35.97798146
451.47490031  24.13852060  13.10860019
 24.16050891  21.88095185  95.53019132
 48.58245781  16.13799950  38.73552545
101.84677038  87.37448330  61.21359322
 24.68662919  27.29226306  22.27572052
 77.94163832  38.43337064   8.78146516
267.28363892  38.66851500 100.10687450
126.01664350  18.97816043  14.09998299
 55.61710085  27.19830088  39.58148458
127.34313719 557.02051823  48.89928342
126.91298562  14.41820330  14.68564302
232.86238763  27.42178483  40.11668403
232.86238763  26.22040938  22.84224312
203.83693731  15.43708476   6.20597234
 94.63551815  29.47418042  19.56424049
349.29950658  45.12944106  45.85689027
202.97554016  22.20691833   3.93692353
  8.27860339   6.84748235   4.06089752
  3.46408136   7.84821021  22.81316420
 33.02605559  54.39166291 116.47977768
 30.21772762  61.82912992  88.90994059
 26.37579801  39.00968449 142.54455492
238.75617926  32.14326744  12.92547122
564.20328864  11.36885809  12.40561084
564.20328864   9.35160377  12.17127250
380.87245468 715.23041792  18.82851565
163.19062284  40.87744604   8.94405132
 18.97387549   6.55030073  22.85927199
 37.27183601   8.84619081  15.91440918
 52.26589486 685.45462688   6.69380194
 32.31871383 578.16246470  17.64733113
172.03824818 403.46564589  37.55969295
159.19691695  30.75731980  51.08834884
 38.56705844  16.98361012 151.40406906
  9.86460474  45.24744963 187.78962586
103.07912931  18.45962152  26.30158662
 47.29533805  17.72173710 153.57659957
212.41952974   8.72543298 113.99518210
429.71033837  14.84406109  24.23737132
429.71033837  29.83311169  44.74241662
429.71033837  11.41846823  58.49645200
429.71033837  76.65907373  40.20159646
429.71033837  10.39370910   9.31318987
269.62431512  28.84919682   4.35498658
269.62431512 114.86061067 294.89778780
 12.23564074 126.06415022 346.19747562
 45.00390299 849.94826695 311.03854013
 49.94327878 564.50818250 113.80055865
 68.03142755 235.45847587  87.87518298
200.94888833  57.40663150   6.43112159
 36.30836981 204.56116652  10.72586115
 51.92809025 200.35321365  30.13200750
 43.50260659  13.79170778 139.10779220
  6.67137089  27.51673214  56.53912390
 21.68122548   4.18789663  67.30115242
435.26131842   5.03427488  38.30853513
136.14080204   3.65942109 100.94798332
 77.35031969   7.00659806  21.19571740
 23.91266483   7.11384255  25.74730875
  4.84609279 336.03904011  38.12431029
 24.63297789 112.60058375  34.86135045
439.89314596  19.53094103   5.47723553
439.89314596  54.95387179  81.63636330
165.10401140  90.38107286  34.53004946
 82.97175337 142.92385167  59.97066229
 23.81944158  41.91562266  14.17694990
 20.47976980  12.04959240  14.81748392
 47.03774308  40.97481597   3.57413146
 12.38730683  29.10057463  24.11111022
  3.92008043 126.25657927  13.74656629
 19.37644037  19.93007183  54.78680608
 75.17781821  16.18502321 114.55527961
 92.49494360  79.91830397  50.68776211
146.69677659 874.68100364  69.04187718
 68.74115514 221.68944021  82.89684509
 13.76769002  65.44420422   4.14608913
 12.74246084 714.21237827   8.21494545
 58.50231169 714.21237827  34.64763560
 36.01068294 714.21237827  50.30870840
 74.25351725  10.63315646  21.14578050
 20.36819234   6.56439145  52.42888203
 23.55843800   3.53651811  20.96187315
 89.09915939   4.71806302  36.83527261
282.35188749   6.84795605  49.38885535
282.35188749  19.97481481  85.07326337
282.35188749 115.63699767  24.95944531
 56.77948676  21.85981634  24.44758007
 99.09531793 148.56333131  15.09860021
145.81469630  34.18121452  47.19342448
107.53087920  34.19166036   2.88288991
 15.86511408  31.53738652  17.76890245
 10.67978750  27.91747572 115.80576015
 67.16673248 144.36220858  26.98106289
842.64672339  32.39592713  40.95248542
842.64672339  67.31003866  39.90328724
842.64672339  49.80783574  18.64725626
842.64672339  17.78774998   2.25011267
495.00647502  16.74356486  30.16431022
256.73039543   8.45446190  12.55972456
459.66052367 696.06906728  33.37918177
390.70394592  82.04138123  39.26923788
390.70394592 ************  16.07392651
390.70394592 608.82070394  20.65570676
 15.00868735  86.62499950  31.58366629
 66.93190957  51.50705255  17.27777305
 76.97266363  57.86014912 143.15414494
 14.34229657 504.61872132  52.25161279
 33.14182760 ************  43.28907319
 26.25711257 ************  61.36131774
 30.88550199 ************  48.29134104
  8.28887678 ************  20.00314360
 12.61376419 ************  88.93490327
  8.30261411 ************ 175.37539360
 13.82877667 ************  14.28418251
 12.18725977 ************  32.10937203
  3.56812269 325.99612460   5.82444301
 34.69779201   6.58290659  14.65081387
 73.04283752  24.63686711 306.12149681
 20.92017002  37.78913425 127.55647630
 64.81227053  36.66065193  67.82470263
 14.43742062  43.93083733   9.75714581
 95.18776789  13.48304489 111.46961255
 15.13938943 291.16360688  21.08801794
 41.72497505 325.18620515  39.96667831
 18.19216940  21.85544533  14.89963735
 78.40696264  61.67011967  59.78752750
122.50783708  38.23643541  24.10214189
 47.84967956  81.88691439   3.42212717
 18.61202129  35.20833594   5.53312688
656.92824434  13.28461515  33.47813946
656.92824434  20.16142522  71.85520445
152.04673458  26.11464681  13.03567611
812.25066939  28.13046063  41.31611602
812.25066939 176.66230442  65.47396930
812.25066939  19.21580917  12.62362763
 27.41108530  89.41077505  76.91662003
 26.21396684 140.50177812  28.04676252
 58.43380802 112.87495870  66.89692444
 24.40367840  31.67432523  21.70433529
 25.96162450  34.37116896  25.01879641
181.02985423  30.47443934 292.48717348
355.07719695  13.14710842 ************
355.07719695  25.93688923 197.06507823
355.07719695  86.89146140 ************
102.28434338  31.72199939 ************
 26.32003614 109.32920775  35.14817750
 30.98573480 210.04242070   8.87793622
 50.23277014  33.37372438  20.78491917
 71.01688320   7.90987961  12.86885137
 44.22605169  11.72673225  16.12114656
 18.63278818  32.96342220  14.75974212
 16.82448572  34.72376598  14.81519775
 34.84433688  39.19284373  18.20822737
 26.42279920 162.64995072  14.82382734
 18.99464943  46.50339918  22.03224598
 27.47720358  19.15321898  12.71178657
 39.67760599   6.40050993   3.52780948
 19.10771862   3.13012001  35.02969368
277.88674431   3.19446818  15.63959251
277.88674431   6.72598206  16.75849132
 91.36972202  43.07155206  20.71210418
 48.92682646  12.13662875  79.70428618
 73.40203202  33.13737929 162.27164769
 58.86469761  26.38665423 167.74770934
369.89319193  31.88389282  21.10288419
312.01839686   6.06726901  18.74981421
110.46293375   5.03248772  52.39065576
188.16373131   6.08292980  17.80236111
188.16373131  21.45045096  11.17204173
 99.60258351 265.59452596 126.95800730
 32.40165154  62.02479772 165.06946773
 17.23474753 119.38255776  23.39067598
 55.31016565 259.34819097   6.62547477
 56.18069990 500.27640386  42.18429642
 23.07053360 328.30545855  79.69019107
 11.68284530 370.91130041  56.38447036
 12.16654244  54.10482138  32.78437500
 22.87856051  38.68079980  22.85538101
 13.38613537  55.34473419  13.08256985
 18.82814903  30.50233801  20.68134958
 55.83925413   8.99156752  24.65244448
 13.33097889   8.12871986   6.15154002
166.86294248  12.16642500  91.38696326
114.13392304   7.94236656  16.00982684
201.89193253   7.36021564  26.15729338
101.70076447  66.05315967   5.25712282
 11.08314541  23.41999659   8.91866724
 23.59478118  16.16329282  45.60750907
591.77306217  78.23442117  54.63432870
589.45190157  42.72002687  44.63848011
 40.17261745   9.43938638  10.11402856
 84.65542065  15.88221949 200.46596527
112.88100939  27.41434616  60.72805795
 22.04834361  51.13967362  90.12969792
 10.28544056  21.92295592  22.02860127
 20.39122731 160.13379161  24.07358108
111.52532645 238.08891972  22.18365499
 68.33676270  49.63988888  13.51103242
 64.34521279  75.72699811 137.16633248
 10.01567821  24.07084134  95.12447727
 45.79398689  24.37153236 185.25434077
 25.34547894  65.61923905 185.25434077
116.30081470  24.04333493 115.47445528
 38.90972961  17.20218073  33.15626131
 42.44222759  32.27641051 150.09129767
 29.90201649  25.14793806  12.00178902
 42.92110097   7.21791275  76.47604707
 12.63754332  24.41291862  17.60276227
 98.72850474   9.84424348  24.13143484
 10.92390414   6.99782221  16.69546916
 13.09000915   9.66162843 182.54478381
 31.79478842  37.57427879  67.82899105
 32.93642623   6.49661989  98.25655349
217.87399698  20.19815854  49.87554555
 18.08331471 121.41959339  28.23992621
375.72188763  30.22919961  48.06409604
375.72188763  17.82408100  17.05435542
 25.28203318  12.98663998  60.24206286
 36.37661066  25.50720040  15.76440512
265.83053197 105.96712414  55.52054481
261.36928314  34.71608684  64.37185551
261.36928314  10.30557580  17.41092110
261.36928314  18.88878556  19.26842029
317.95754403  15.69802996  35.25597396
 13.07040642  28.76513345 156.02425373
 73.77043908  40.61949413  26.90524063
 90.14856838  15.03571135  11.19753923
  7.25058584  68.08687507 105.01339659
 17.62505108  30.24951241   7.96894986
 14.03980657   9.42456568  13.32793141
 35.16573556  33.15700900 105.49125871
 43.06126267  17.27368152  77.97241453
 47.86897018  13.61111874 299.39082068
 86.05112755  21.48810196 795.76163490
144.55277941  15.99390954 ************
 41.81457489  17.03578946 644.15832554
119.22399500  40.60841842 644.15832554
 30.59941201  50.23690612 644.15832554
 67.18243936  37.48079920 644.15832554
 84.24775227  38.88078113 644.15832554
 40.79859294  29.63824117 669.85568764
 56.06807266  19.36684814 391.98441741
 57.35059440 133.19393225  17.93506548
 39.40144172  72.65420614  15.44574335
 58.17124650 109.96392684  99.00431306
 43.61600227  88.59355221  21.19573184
 29.88897633  21.22739197  32.47112529
152.60857536  44.98570308  41.58120053
 57.23820119  30.24848734 143.63547028
  7.87746998 136.91469397   9.52359152
125.48409420   5.46961039 123.07019967
 27.40849340  25.77533080  31.09448837
 23.73890462  10.25143494  62.17181738
 45.99960144  16.21339688  92.66777100
 38.09375198  79.14448707  39.76347004
  8.49788006  67.83706766  27.23215649
 74.59821879  24.87549367  16.62887427
152.69267460  63.71174493 117.25881937
177.80151348   8.82022446  40.69420827
241.27037663   4.04789869  25.71158585
 15.80182037   7.93302558  25.58307704
 16.05467132   3.51158266 793.74794465
  6.44736454   3.68999139 473.25112720
 11.34050202 106.62939953 765.13973795
  6.28511769  87.09869154 765.13973795
  8.32439718  15.48276238 765.13973795
  4.81689523  38.29211604 324.73845584
 20.32524210   8.98427784 456.14510694
 11.87272379   8.53205207 456.14510694
 13.41555576  57.26725673 351.46589707
630.73014376 139.48404314 109.00794097
 70.19640475  55.61782856 198.84989274
 30.40658081  12.95592769  38.16646830
 18.11614529  32.73625347   4.50903881
 23.45345092  74.64869348   1.61705055
 29.79165872  29.12575558   1.73022607
 40.24426578  44.91191845  10.19588163
114.18933371  22.09525113  21.81261725
 34.85083549   4.13794405  17.74695675
 12.54032800  12.36611316   6.31625655
  7.47034996  26.06595356  52.03440855
 19.19331984 220.83216167  77.91320617
  9.80563912  34.98974133  19.98409819
 12.25767593  19.36586032  44.54794119
168.87141664  26.66527315  30.38914255
164.68800611  55.21957566 125.74921574
502.12939539 242.42230143 618.15702280
502.12939539  30.76570766 530.94503597
502.12939539  88.33782138 567.69545605
502.12939539  62.19414729  27.96070935
236.02188660 119.40519913   9.53949983
227.82195487  26.95669433   8.44761849
 42.86682612  79.90459122  15.47751343
 63.87743429  13.85687802  42.09738788
 32.09113925  32.01755184  30.05303208
 19.63187006  14.19176152  20.17546098
 11.37272219  30.49146462  31.19927221
 17.94625445  42.52954663  15.08075936
 66.83946429 129.56354226  12.37460835
 21.90940677  59.41525126   3.98216124
 38.29601532  31.82559455   5.20173943
 49.41365483  41.49472729  27.41199835
 49.79463787  38.36965146  14.68900559
257.68109523  22.78295210   9.83367219
 78.56345094  21.85597248  35.34035726
 92.56386434 467.85791867  28.64404092
126.83252563  25.02745152  15.37756162
122.87189260  88.60175398 125.27174324
259.64983177   9.96224369 217.89525079
230.01384951  26.86436952 163.08064008
 85.89213328  43.00497339  18.76643300
 18.03802068 122.26599574  25.10788316
 52.26935830  93.12745533 121.69224630
 30.88487081 450.54906313  68.19086489
 18.49192374 265.24696506  71.51365649
 34.50234253 268.86272970  40.03301371
 38.62424089  50.97407333  36.67726644
 19.10573833  90.86870223   9.34865396
  5.36000005 144.10837022  16.33486920
  7.35255259  10.05492393   6.50468419
 27.15194804  29.39258682   6.61200341
 16.76206984 114.94241661  25.98986060
154.13548598  77.73328707  98.19156295
  7.47846601 413.48878355   4.94046667
 43.77551070 101.36663034  31.31287321
182.38008679  37.85621339  51.58993793
182.38008679  29.99592583 108.03839004
 52.73149685   8.38824058  47.55785253
 10.79097401  13.47654782  57.03889702
 26.23117668   4.26141040   8.39052954
 31.84193250   2.98833699 157.72734630
116.28866241   9.36102769  30.29872201
102.89500113   9.95369162   6.83672113
 15.90731326  28.76229158  11.12014742
 61.86317255 197.71118108  20.65909376
 16.25505716  17.92289567  24.53357996
 68.02622055  24.00746672  15.59653533
142.09652136  54.28923012  35.37762188
  6.18152970   7.44978409   8.95207605
  5.19881401   8.59833251  10.59518544
  8.57284029  11.56001333  37.29970487
 59.09374644   9.91189102  49.32367045
 37.61041858  70.81514179   7.75718174
 30.27099916  42.77902862  19.71970102
 19.22597621  10.17746597  13.87676275
 30.12755725  13.85696056 222.05972600
 56.63679859  35.92585898 160.38011763
 27.35224878 198.01621562  96.42200299
 22.12874412  42.30960053  42.29026436
 29.49258032  12.94307448  95.90555313
 41.15480632  13.26741963  63.63250513
 61.75165155   6.65622610   5.30141635
 41.59978676  75.71261311  28.89585534
  8.58592402 116.20538997 127.28388560
165.00893806 330.94613190 171.10793853
165.00893806 218.62511722 ************
 56.32229848  31.19458840 776.34833381
129.99644556  10.75906138 182.22282980
 73.01691462   5.70359092  76.25365126
 38.81087814  90.80777433  84.38963213
 33.43856058 121.95697693  59.13891055
 74.86573619  28.60903420  24.15673852
 12.86487916  19.33515986   5.19289879
132.44192398  18.18085758   4.69703342
128.48083399  16.07647106  44.51573949
 19.22557826  35.52987501  60.27679485
 34.91442939  18.62778872  68.64033872
 79.62731230  43.61075486 164.58443835
 11.35919211 483.10857291  16.28133421
 18.61439014  88.74046673  45.91855070
 60.89624535  32.05958194  13.05195939
  7.18164497  51.57389327 114.49562388
 19.89036238  41.49573738  10.30062506
 46.67600795  46.05104831  75.81528201
 76.94621672  53.84513525  10.16932673
 57.43828547  32.64924280  23.87263479
 96.74078719 326.83251239   6.54045152
 13.18041917 317.09222057  15.32065215
 14.18505967  28.39589047  76.47011457
 20.82190357  51.47662149   6.20892501
 25.26458269  15.14957009  18.87170845
144.14630055   5.85889822  51.57724363
 46.57977284  14.53948574  70.30109815
 83.49620143  28.97575783 140.20500076
 27.75332729  11.88533080 286.32503500
 12.40127003  13.73469013 286.32503500
 30.66112302  30.75141038 142.12417762
127.94641207  31.03966063  55.22317434
 45.94840735   5.66572364  28.52096959
 96.75120009  11.33152772  24.58898247
 49.93358647  23.97928492  25.73738326
 37.94432189  94.39743647 145.22941812
 13.97234406  40.55571778  58.53545365
 13.63481164  76.58181457 115.05991936
 28.40864412  50.58170810 124.73754623
 38.61281248  57.84693004  13.50926145
 23.39620027  16.25201412 120.15745716
 44.56233079  28.40372778 159.05360078
 38.37113342  40.92425840  77.10130911
124.97799536   8.15187210  26.50380864
124.97799536  61.81157602  39.70410110
 43.29645567  71.77498940   8.62735307
 33.99488305  11.44387920  25.60528523
 15.58327472  16.95461452  21.71731998
  8.44187288  11.22222697   3.14215137
 11.15367677  20.91316636   2.25012500
  8.65552683  21.67748283   2.13030486
  7.34321939   5.17487114   4.03581027
 14.89705330   8.53640069  20.51669371
 12.57811805   7.85835804  15.69030167
 40.67162812   7.29359268  20.81289479
 59.45403768   6.86737610 216.14611228
 16.58494122  35.31003017 421.30597881
  5.30231391   7.12430717 421.30597881
  8.22716114  27.33651005 401.48917394
 75.39882269  12.84165157 294.57977731
 60.82332568   7.90792014 294.57977731
 46.97589284   8.04296311 294.57977731
 46.62731929  29.96937180 ************
 21.31645130   7.38260311 ************
 64.28623609  37.98940273 ************
 46.34698802 135.31702577 ************
 25.33048840  45.97922810 ************
 34.46321919  20.92487640 127.62455583
 70.39902287  25.53333091  94.75410502
 11.36706325  11.10754307 104.64338351
 65.14462808  20.01524116  14.24585369
 73.62840622 188.91137009  57.38049977
 23.54412446 331.10163933  13.23894543
 59.10166490  33.35030307  25.91256191
141.16624397  80.58095261  39.35592764
 62.08210916 125.59092520  28.97717665
 59.64351838 477.51589596 101.26483257
 78.41923548 ************  45.50753583
 37.38786717 ************ 125.04059655
 16.97260322 658.14584711  52.17781590
180.12714710 131.93839768  11.59027527
 32.60278348  28.37907583   4.55058938
 29.36324880  26.21939498  44.25277265
 15.02279499  29.85830583  64.33471067
150.96507487  60.18374001  47.62864283
 50.62084694 577.78456670  23.59401497
 97.08446362 124.63910034 213.82066347
 30.15193945  12.95297235 213.82066347
  6.45419236  36.71499139 274.94430987
 27.43429596  26.04356722  12.53133550
 80.45988262 206.82666794  24.31357395
 14.93481926  27.26153826  43.68361749
 44.80962727 138.86750335  77.78546038
 61.48488331 114.03090446  66.17900961
144.62475516  71.13401526   9.00385417
144.62475516  40.27069116  16.44727183
 69.37842904  58.34068275  44.80293056
221.22576649   7.24359769  12.63580867
102.16057585   6.21672745  14.68286322
 14.49291353   8.27230695 102.86197251
 21.29661954  43.01087159  38.78232984
 41.49368797   5.15035988  22.98851589
 39.07686595   2.75475607  11.29941152
  5.52687836  10.21659866  10.51471924
  8.64534346  65.76974258  20.03194500
 29.44044828  64.57811665   7.87140009
 18.17864275 113.24923611  67.93414658
 47.62842205  46.21356427   8.20777069
 65.61611011 112.36653525   6.73473498
 91.28934307  36.99967361  16.72766982
 62.81826597  13.70697229   7.92252993
  9.26069051  10.75181141  16.54505098
 64.55699886  11.95794090  50.65597317
 38.64971713 144.85955102  25.42588784
 41.08731357  97.02825717  33.36845915
 93.82998939  14.08559805  32.45826138
 81.55201327  27.22344160 203.31170116
118.43052121  24.95748975 248.70079806
 36.14982288  98.88409843 132.38857509
 24.41873227  24.83028301 150.73970950
  5.72316472  39.88278453  14.92135305
 16.00965505  31.99744728  20.72202903
 17.98795867 107.48492310  15.20455426
  2.36793003 105.64445103  11.33779196
 18.55879142 200.59335321  46.02742041
 22.77808398  36.68849654  49.99827243
 39.91702450  26.58077440  52.37688828
  9.62506010  89.19980167  58.19399875
 33.92572328 198.01225249 143.35363042
 32.51854616 118.95732431  43.30552139
109.47032561  18.54845735   5.09794261
 20.60257747   8.23400112  21.92072370
 21.17339316  13.55052842  96.32233622
 32.89109502  21.00758831  23.75803255
 81.17719185  15.39194248  39.02762635
 21.50315964 169.01826442  57.91968697
 57.38811494  31.68235192 298.77538612
 19.94383098  30.08334061 163.19749242
 15.70109286  14.04080367 202.86440310
 26.32705279  56.76861145 129.93038479
 84.39897450 100.18558711  43.01843853
 74.33282880  78.93564596  25.28937787
 55.03365851   8.29600030  10.52681508
 69.03680601  63.33902329  13.22945627
 14.31975890   8.71321738  18.88929534
 49.03140560  15.74430197  16.11250893
 55.75096834  30.19562997  57.69294496
 55.26502500 108.90482994  34.05436432
 64.19011051 358.92794360  17.97416260
 11.86955996 125.11952428   9.46720166
 48.90004632 115.18933627  23.90639716
 78.72867912 391.57072553   3.83314120
226.08848274 450.60360051  57.11739854
 44.92997777  48.06252889  73.87541603
  7.53323814 131.47167118  36.82478037
 13.74324861  79.29097571  45.87097674
 10.95136619  14.44407209  25.62291850
 10.44743214 123.15144561  36.14292828
 40.40022350  47.44568660 398.18418808
  7.36611726  15.11555969 398.18418808
 88.26346352   9.53238272  16.74736331
 41.36869167 121.43546493  25.16983651
 14.81648228  21.94065939  22.57352064
 77.34281781  47.38425215  46.15502572
252.30246780  12.07151126  12.95468848
  5.79599543  20.00274186  15.84052021
 19.95934981  39.14308880  78.30139812
 17.27474639 105.92177401  29.25739412
 22.93458906  12.35955426   4.51931825
  2.24367631   4.70725306  25.04853502
 15.40838523   5.72988515  57.32738756
  6.95120240   3.98855163  29.38404712
 30.79898276   5.74414961  73.71610966
 99.96852858  17.86542943  31.33698856
 74.61769663   4.46761531  10.42518227
  4.38821322   8.52037277  16.61769555
 14.08722052  14.54763277  11.20178378
 21.97206441 103.25364428   7.30257639
 17.87946520 195.60347394   3.12029289
 18.92721591 713.52079865  18.22927299
 11.57455390  23.93877166  48.81047098
 71.45758725  66.50170689  12.20584438
 56.08688844  36.61565476  32.85697421
106.85085327 195.96461346  13.20640401
 22.56495735 ************  20.38209166
149.75489566 ************   3.73574166
 29.90947977 ************   7.21190803
 45.94452006 ************   9.41590144
 15.59427922 589.87242493  13.42688763
  7.06122978 374.62258813  11.82499242
 10.21699922  41.94288026  10.62845947
 21.69578923  69.13004321  26.26054411
 22.32911322 454.26157595   9.32281248
 29.56231729 425.81009380 275.54906044
 17.20356292  24.37803405 103.60724126
 13.56971208  72.09135269  54.27933939
  7.22797306  32.93985188  45.73978751
  3.69751780  19.34916995  21.06426688
 21.57769040 200.04955697  16.71656116
 44.88049953  21.26444587  48.55594167
 48.42662966  10.58981239  24.19731331
 15.44008077   7.62233641  13.10304474
 45.05330200  10.13240915   8.26569443
217.78873108   7.97136550  49.61846451
 10.96435937   3.79659719  11.77245729
 11.91194355   5.86155179  11.30243048
 36.06907664  20.44461861  46.64974892
143.31902181  29.63298289 373.60130558
 22.86368579  36.38744976 373.60130558
  9.37489986  53.04058706 373.60130558
 61.98642369  14.63143280 299.23678873
 23.59472968  23.29738934 126.79417904
119.12965670  99.52678823 366.43213481
279.26687957  30.67874588 212.68463543
279.26687957  15.17227485 139.76395052
121.26508409  10.98674398 176.96473099
101.78825066  74.61317333 114.51775360
160.56306900  17.49499196  19.74896449
285.41381190   9.25500036   9.27051115
285.41381190  15.70720993  24.28392508
285.41381190 206.09572610  58.05004406
285.74388770   7.12476870  88.43428846
196.88338872  19.58070389  17.97295352
 54.34022427  12.32141840  40.79113271
 52.89407011  59.11076362  56.22958860
 45.38130719  38.34649866   8.86239855
 12.56637498 580.15225545  62.52503908
 19.57711386  35.77559312  10.67413455
 53.64819287  62.37728330  33.02171945
 26.96951425  72.74294231  20.43007554
 42.50047330  10.08448091  17.23408182
 10.73266847  30.41686200   5.09876888
  8.08278163  10.73477020  10.82318651
 54.57104606  18.44658129  11.57503002
 67.20523613  13.46049449   6.41786571
 15.29737419  24.71656716 145.85272291
 13.13125364  29.94505252  27.41485232
128.98750041 139.84075804   4.25159957
 28.71725908   6.20172961   7.32613162
253.60023388   7.51251714  17.84760629
************   6.78170191 133.17511102
************  25.44048501 149.64682223
************   7.27605040  82.62536905
************  50.42944136  60.74361450
************ 109.55111897 138.33698303
************ 101.77342455 205.88777018
************  72.42182956  10.71685584
************  66.65147497  76.64732806
************  67.57850735  80.38971838
************  28.01654668  14.74913330
************  94.48188961  45.70015133
************ 172.17679952  31.34858159
************  14.38291302  74.92954844
************  50.18041702   8.59277269
************  33.01055958  12.18280712
************   6.89358320  34.49541701
************   4.63407111  80.47808270
************   7.49554848  46.73342455
************  16.91952014  87.42162464
************  25.37423575 157.74393317
************  43.40667807  26.64197355
************  52.93197484  36.21094304
************  18.84057164  64.21298008
************ 144.05600119  20.30154904
************   9.88011112  27.28046062
************  17.31342187  60.86583856
************  19.48872180  21.28415567
************   5.37171179 237.80372912
************  18.42896062 113.01408051
************ 254.09169815 122.02891628
************ 374.43159343 122.02891628
************  54.47915671 138.04734661
************  90.31261791  59.17691137
************  33.56331865 101.96925626
************ 217.56643388 182.53021544
************  25.17286301  65.60972925
************  35.06433699  57.79217476
************  85.99637551  17.77949836
************  81.15635377 127.03558997
************  28.42614816  22.71372869
************  72.46551608  85.71909715
************ 163.86315437  43.04976776
************  48.27169853  13.13937619
************  33.61762486  23.43459833
************  72.17335171  50.37495827
************  42.32981628  36.06985256
************  93.81499324 197.02655730
************ 205.13222089  52.54788405
 30.82569753  65.61636451  69.44136476
 11.44425262   9.28705965  38.92016311
 43.32258250  22.31997665  88.53706659
137.12025738  20.43556618  16.40296771
 86.66724459  34.58689141  99.36696324
145.96480713  35.20079216  95.31068789
 42.79409440  43.20406871 303.17293633
 65.97003180  16.09031295 239.43390143
153.71826162 117.99758096 ************
103.20516647 286.96934503 513.22784148
100.61952811  79.62848656  72.70947063
 15.34911858  27.31374927  49.58816309
  7.62462195   5.97610735  16.02267058
 89.47573722   6.14156384  15.32308995
 60.41284761   6.50708378 114.90212997
  9.89483618 142.76347926  18.10875456
 18.84537062  14.14111644  10.86522442
110.85045082  26.62972609  51.88907023
  4.80444410 170.00533058   6.56330977
 13.42162804  19.18689540   9.01441982
190.46685054  58.29477986 116.01818283
324.99529195  48.96026119  47.89902933
324.99529195  86.06204877  23.66840286
 19.03022338  38.20895539  14.40815325
194.01933247   7.57326627  11.65426728
435.21113957  10.32656503 202.77654876
 26.38393802  24.14199705  42.97508342
 10.96014616  32.59809945  14.28409592
 45.10851428 110.63469024   6.32496070
 38.89121735  38.67701257  30.89640757
290.13864139 138.25098198  21.51344796
 75.00662030  68.22180196  23.68333902
 12.22612901  33.95823952  16.52633169
 30.32108025 ************  19.38040950
138.62023395 ************   9.71783576
 47.20018129 ************  30.41261579
 17.70891427 ************  34.48744846
 23.99931150 894.68568101  93.09219898
  3.55507848 894.68568101  88.31397399
162.52465200  41.35234188  18.67028299
 42.25092821  77.17302430   3.15827517
 93.31300067 183.75985950  10.14505163
 93.31300067  38.47419220 119.40951770
 16.91368430  13.72054475  72.13168547
 88.21303304 104.31576766  90.38158152
244.49271065  87.52000020 119.57224416
244.49271065  20.13741537 112.18460503
299.16407801  15.44375263 188.12946478
371.44268257  61.58285184   5.82156202
119.10212663 404.22774917  36.27291242
404.37853054  13.16191793  48.13595560
 68.52130634   7.28358916  36.65290933
  3.98111750   7.23266431  86.57298851
 14.49596053  17.94662197  29.02714283
 30.35899497  51.25160391  68.12111150
  7.11421123   7.65115274  38.27648035
  7.93664407 123.19927378  13.64278837
  6.32274026  22.90701439   8.02732384
 41.39257787 176.74276246   4.26145617
 28.70486670  60.60450459  29.42284961
 20.09539727  25.57687720   9.94849841
  8.12388357  45.12659252  89.12439102
 70.85984752  44.16634985  16.83738367
639.06544656  65.18899459  32.15014556
639.06544656  15.76783056 161.15560420
266.32039357 169.23992187 126.12561054
227.55904845  67.94312255 186.61691480
227.55904845  35.73450573 153.93864493
 15.99183943  74.16715465  20.26500247
118.06665733 413.22983459  21.71896596
155.09264667  20.78416753  33.32983007
 28.08437394  45.67928474 102.68689644
  7.85770034  14.44986381 175.11722846
 66.58971257  32.10797259 398.80646203
147.34254730  88.91239009 167.66761478
217.75967527  23.85183941 167.66761478
 41.37582576  55.57606538  19.71413805
 27.93986666   7.13575623   6.44314007
 29.77835856   5.32564578   5.81841461
 59.49747341  43.17252335  45.21943453
 37.47509113  44.66273251  21.26865458
 14.18020179  70.24455867  11.80497805
 20.74935095 282.60217521  15.15037849
 54.82926394  12.31304750  72.46938363
 29.94941613   8.35327161  26.16981508
 78.21458851  10.54222315  33.52051636
264.55280295  42.17203634   5.94414215
 17.29533596 166.98758171  20.95430423
 21.68118027 270.33766099  62.74372439
 83.40675857  45.24148028  76.31405404
 10.44467662  15.61308483  31.31583625
 18.59784521  31.29959912  15.79655131
112.98510074  41.80206602  44.56193201
 92.45311145  86.08590609  21.62229052
 11.83451959  63.64913693   7.94872046
 49.25471314  36.53918509  39.21613040
123.56433063  17.95728918   8.14450212
347.80845811  69.07373435  18.87808324
153.44319138  21.57140494 186.46794069
 69.74590379  71.89078891  74.74395247
162.09217448  46.19004680  14.35000868
 36.70407361  56.01044545   8.28013052
 10.08830177  36.18098168 116.25066636
 38.38262999  63.80824758 178.85683445
142.81431281 108.67771975  97.42657501
 75.68202688 247.29862507  22.74777740
115.63783558  35.95663750  11.33472400
 34.69093857  18.87240696  18.79250879
 19.39643541  14.70540390  78.55910468
 69.69275314  29.67902108  72.31956931
 37.34078938 276.24410029   9.67787060
 57.74075673  34.69485921  19.43190013
 28.63195463  38.88012495  19.99768187
 24.45396927  43.82305682  55.72034793
 11.90827394  80.20909427  27.16572921
 32.84147403 132.85832168  34.91590166
 55.71023229  69.54494911 181.17863491
 77.06508204  85.08921587  31.93375853
 32.42080399  63.77227341  53.06621962
498.10374591  25.07789065 676.42092295
150.85744497 233.97079760 ************
143.61964767  57.24472410 144.55088069
 50.17616888  30.40981068 223.90202267
 23.78532357  19.33433403   8.29665633
106.62079175  50.49194617  17.26786191
428.12643942 243.63037304  23.91496396
793.95073912 183.11565631  32.49227387
793.95073912 118.72335574 164.44777811
************  21.74432145 222.06434953
************  45.39568277  89.94490036
************  39.66903124 130.00977947
************ 156.84994849  25.75705536
************  63.98479190  83.27233373
************  61.24317289 242.15428270
************  21.66638089 119.56412784
************   6.89958508  42.61054167
************   5.95461218  22.24316240
************   7.97168628  19.22294313
309.06601994  60.53284028  38.46120814
 30.36768617  18.92235201  17.99965081
 23.49105929  27.08983617   5.67101803
 25.50312948  16.69554447  36.75410193
188.20194503  52.02198050   8.56904108
 21.40116916   5.56999493  26.41133676
352.94248961   4.49161313  22.09909483
352.94248961   5.16188546   8.09815856
 47.62977392   4.49149012   9.90346518
 18.58965839   7.75622924   6.44917910
585.48947692  38.23539823   7.46959228
176.31272387 175.80509173  37.14604208
 25.11726907 924.99088309  23.50087573
  4.68372546 924.99088309 105.60631685
 77.74568790 839.36611126  26.94262890
  6.49457243 190.20959302  16.31863156
 29.11090291  51.17638289   6.74506569
 43.38870315  34.06371839  59.81546290
149.02339432  98.11683087  38.05032330
116.33153973  43.59263635  21.76779943
112.44567399 160.05978423  36.39715596
 32.33394831 103.26801579  66.19470603
 25.21603670 133.40480187  36.10635685
 10.42916629  20.76907172  32.98949256
 16.42644066  15.25604571  24.82539673
 34.72944878  23.24602278   3.83350565
 62.75937608  13.37550713   2.75871199
 12.62988231  15.43101751   4.77833628
 26.73343840 269.15543714  52.39359066
108.60150845 297.11740921  62.90000472
 45.07660359  25.68071774  86.33978980
 23.52366900  14.67744339  23.90220768
  8.51907824  41.33560355   9.97178781
127.21221724  16.93850505   9.05414632
 14.75630870  15.78537361 166.04460754
 54.40450196  63.36720558  22.94945408
 61.94922353  72.06204820 164.16275757
 49.71101599  23.36366664 224.53897445
 32.14015269  70.40764387 418.00010957
280.42170769  76.22752585 139.82191759
286.72594967  11.33988071  22.76384792
108.60061186  20.20814437  13.25268670
  7.96701004   7.57651189   3.31298742
 29.58943806  14.01083016   6.85811671
 38.46977513   9.88989747  40.96942540
 50.79379939  16.32237286  57.20125021
 22.25476509  54.69288861  13.72928816
 30.38674305  17.09438102 530.48874798
 27.10689559  19.12145064 137.65618673
 51.39286146  38.72618284  10.22286026
 45.41894411  36.36865004  75.95105014
 23.27832870  10.79112192  55.17241471
  8.95574528  37.37299471  29.55186992
 41.22844819  34.29471915 280.15317613
 87.25227377 115.42016153  11.32811415
 63.04178337  92.94070523  52.11662423
 63.59227003 180.19011417  53.46505432
 46.21124816 ************  12.36995701
 56.06547241 ************  68.77265698
 11.83253467  97.36363302  29.00429818
 32.79802446 282.68345368 114.53907635
324.97049883 307.04188046  44.68016235
112.91525421  16.90387553  52.55427596
 18.63552732  36.53820303  11.40363284
 20.44232531 123.71488222  83.81434767
 24.82526470 242.07241252  19.35652343
 48.79230154  76.66573014  17.58972104
 38.73001614  64.59446168   8.07968299
 20.41907476 155.96694520   5.69626057
 59.07907328  19.65507774  68.02055852
 53.29785224  17.30763074 122.79526546
 16.10641739   6.88424213 188.93616224
172.28444900  13.38638969  65.23180967
 27.93269695  18.71990655  13.89732894
 35.75022549 416.78454904  22.21089552
  8.08944304 834.17106327  17.12317786
  8.94543926 191.16605043   8.15272096
  7.47272743  54.14600883  16.10829036
 32.66680714 127.23612311  12.58564361
  7.13223775  17.75417849  56.27238915
 86.42941945  17.97084354   7.75934728
 53.55281640 133.04836673  31.81226217
 53.55281640  44.88297286  27.83384169
 35.27700744 191.31315890  15.36145115
128.22501174  46.73630918  15.27685725
195.58858996  16.69289713  12.38632093
226.79731485  65.37623883  48.79171506
191.05477847  11.09328770  45.28930917
 82.26063164  35.69773151   8.51456888
 14.38858428  12.87821473  34.44478502
 16.92990312  49.57873331  27.27399331
 73.04730142  74.36029454 125.09287194
 27.81490662  29.39726640  34.69174378
 24.86382135  53.95051803   7.81527072
 67.52023496 104.69737999  12.85305000
 19.54117340  20.43790010   5.91344547
123.64925527  29.84382540   1.69808413
 53.14782203 152.16233590   9.50597207
208.47355124  40.12546681  11.32022066
236.58563574 149.55607024   7.36891222
288.36436024  31.04950463  96.00467960
288.36436024  38.04912018  14.14228501
299.40664086 453.65696476  24.49773751
 72.32233376 213.80177517  88.41087759
 65.17481195  20.72869131 107.82599185
 41.67026221  50.06486678  31.69925709
 18.71242688  93.81357225  15.85243599
 18.84703232  40.12985792   7.44058293
 20.20194407  66.62447751  26.16158927
 62.10542255  41.97942368  52.51447680
130.64214547  49.88129588   9.01282632
 50.10089114  21.95567762  34.95973246
 10.23716786  51.18833080  32.37648300
 14.23853712 140.10658558  24.44409773
 31.49419367  26.69722013  52.71858567
 27.88882763  12.33653342  38.46534949
180.91897239   8.46911152  17.02208960
 48.61924177  57.11414669 100.80239531
 43.57427342  44.64241033  40.71444036
 87.21094287  14.29522600   9.24857847
 27.58727916   4.89975131  22.13428868
 33.37228209  15.16801477 150.42234546
 18.82635999   8.31147843 298.97276571
 34.18412869  33.00377413  78.90958089
 41.28120295  50.59876924 118.89260523
