 31.91635074 123.07370384   5.90530850
 12.14510629   9.28440903  16.83063602
 86.13086680  23.87739403   3.07359181
 29.73560766  14.08714797  14.97026114
 14.96581463   7.51191320  59.90237904
252.71546022  19.06316406   5.97092291
302.90651147  55.68499155   7.28779091
103.09899369  30.80555465  40.00888557
 41.98986233  21.14157350  30.47728780
 14.00242306 178.96389066  42.44099334
 60.97006484 200.50924286  10.15798571
 50.91404346  73.59337607  11.99144886
 31.35734033  56.42236162  29.22054051
 11.62680809  24.87625959   7.77271482
  8.01417096   7.95839577  53.28435244
  6.34583966  71.42243159  14.56879152
 20.43032330 185.49824061   4.23293664
 49.74414194  63.69618781  24.44653456
 15.24946572  24.39267719   3.94621983
 17.25332707 114.84797967   1.55832816
 12.48007745  10.45180363  19.88223460
 31.61862623  10.66051300   3.88822302
  7.25820055  61.90391083   7.05571373
 50.01046932  28.87078590  60.27053551
 49.59071944 118.85440112   6.15690601
 28.32447407  50.64456556   8.95432634
  8.42382181  19.28328613   6.49121341
114.91558123  34.56315556   9.86087694
  5.58674233  13.61531999   1.93779554
 10.57126914  85.22950958  21.98162307
 11.17387502  16.29373679  64.14533778
 36.18919626  54.25178951   4.33764534
 15.65255510 177.40370573   4.86164851
118.55016784  58.08671916   6.49520672
331.31775919  29.32688636   9.62538386
 69.46382165  57.10853639  11.85318864
 39.67445745  39.86901678   4.85632741
 22.87162033 176.35719113  53.64462346
 17.09041177  19.14465921  47.15089052
  5.65831159   7.12145030  30.80127833
  9.07062175   7.25175028  17.43564886
 17.56555515  15.75706751  23.11167445
104.22285181  52.55235230  20.34159277
 19.59928054  99.43261232  40.52144152
 32.83105549 102.28992520   4.37492400
 14.52845680  11.77415516  33.06475192
 10.25882776  22.35989320   6.36816481
  3.33328151  25.59760425   6.29167566
  4.32807705 188.71364775 261.92876185
231.26124112  10.73793469  85.65947140
231.26124112  40.51619966  66.99831594
 26.65633689  36.67964294  16.72284570
 23.75822362  93.81290251  11.55262883
 27.87756479  12.44312379   5.64779597
 17.15991010  41.87677703  11.71926198
 13.83025878  21.19558840  13.86757980
 36.18827620   6.78765474  44.86938642
  6.07288120  15.82413144   2.89034677
117.60014609   8.79382783  18.79143557
 14.91693260 439.83167701  16.81957382
 13.76065458 265.38305302  27.39458368
 35.76993963  37.32111941  35.15198541
 38.95943919  24.80774417  20.96916094
  3.26138940  33.51343196   4.21763752
 16.41340303   7.61231368   7.25098567
204.32369572 235.30123220  15.85591123
 19.37351939  18.36808748   2.14418066
  8.51951121  13.30020452  22.67757761
  9.96421175   4.44125736  12.33082097
  6.14993381   4.12398599   4.91315465
 13.07872769 336.25343430  18.94279523
 20.12261379  18.14501712  15.06555351
 11.56699558  20.26010704  26.18008206
 34.40078622   7.53918531  13.77882523
 13.51724796  15.51697912   6.89876198
 56.58262429  13.43922010   4.19608836
 58.34054398  84.79782174  18.57859480
 20.21011763 338.07647867   4.32036528
 14.77287887 183.81631443   1.79159394
 11.74004592 122.42415310  18.02306344
 27.14297033  11.32319724  16.58014268
 90.13058935  40.05584707   8.65496510
 45.52523129  40.05480601   1.99728808
 10.97625951  78.20482993  47.59542705
149.66150339  11.88347033   5.20823947
 28.53715643 236.17496831  31.98544688
 36.00064522  92.08763057   4.36467135
 29.31816508  15.48610801  16.09852681
 14.55340186  16.48573589  50.41963942
 12.37922053  46.76725106   5.60008213
 28.48578898  12.38254845   5.45524406
222.21856358  37.49080247   6.19705568
518.38554109  14.80130117  36.09280189
518.38554109  23.32554703  15.34961560
 46.61710430  46.90684736   6.14604060
167.49996533  99.27802238   3.72998159
105.33344917  14.68338767   4.06338885
 13.48472808  14.53201716   9.33767932
 27.39002842  78.93122396  12.24843409
 91.66442614  55.99985595   6.14230398
 38.88974287 128.45653890   9.44403887
122.80544955  50.72304503  17.76953886
 91.53606522  16.85428575  33.73211623
 72.64251307  47.10101446  11.63561328
  7.77411172  12.75738563  13.71109559
  5.53629150  54.40341736  17.40789910
 81.94280310  77.15403495   9.02499084
 46.41021010  33.08824262   6.31860692
237.89263291  41.41842744  13.25363034
 11.48307266  46.00439325   4.49709668
 40.50872082  30.99392302   7.83781920
 39.83583713   5.71130751   8.85091898
 26.40747815  15.65102971   6.10191893
 82.67850084  92.88214467  27.44709609
 30.57656484  48.17894089  14.09281089
 12.79444903  21.91445866  35.37692967
111.08167123  28.10856854   7.64918464
178.64338069  31.49853178   4.43171620
 47.96076645 450.35393008  12.08428508
 51.81277764  82.73091515  49.72026637
111.46277176  60.89632076  44.54223727
 31.06347443  19.08360422   4.32563696
  6.97925440  40.00333852  12.52681855
  9.27528912 327.71004472  11.39579278
 15.55167658  83.32073394  24.84880081
  7.53603346   6.83182617  21.99874203
 46.64014464  10.08755558  79.48395784
101.53021836 145.66479670   8.77907571
101.53021836  56.77550615  15.04093983
 38.03053301  10.39643905  13.84004479
257.21268484 194.24049838   1.60165986
116.21914846  81.83628091   2.43295500
121.45707978  13.06516327   2.90461851
 20.36877905  31.79764734   2.53771797
  5.43872496  22.22510705   2.61300395
  2.86559794 228.88375342   3.40973764
  7.23220567  82.29704821  38.48166204
 21.24790034 153.69356095  15.29913448
 11.17400902 110.19328972  28.55898246
 11.13138350  20.44256423   5.15402329
 34.36238321 226.70324424  40.24675576
 16.35525478 132.05402576 217.21403416
  8.47062241   6.81604506 217.21403416
117.85427581  18.52477613  82.18061416
 10.64392084  16.99866314  82.18061416
 11.26704116  19.37821082 125.07481912
 19.38181877   7.58850599   7.53904353
 12.52183897  33.93410984  21.30464849
  4.70029659 252.87303777   8.14090914
 65.16762002 105.87166335  32.22404602
 12.20865646  36.75093240   8.23149237
127.80846104  58.81454788  12.40929239
 41.20010763  13.34147475   6.58843718
101.70422994 311.54705371  10.31973943
188.78590022  75.19382623  15.39217365
189.29882838  60.13235720  10.82775562
 44.58530648  21.54276897  28.72785624
 10.76137868 399.40191382   5.20295212
 13.27134462 343.85427092  94.14110704
 42.36020630 656.34212482  34.87540475
 39.32299079 656.34212482   8.54564074
  5.09603101 805.58158802   7.80348635
 36.23182931 805.58158802  10.32810054
  7.91432186 253.87523240   5.15792631
 21.00701341  27.20482361   7.15217488
 12.42286324  15.33818195  17.00262038
  6.28992854  22.26206074  19.05776282
104.05444628  63.18634096   9.79454310
 11.85263029  49.90757000   4.09494078
 17.21078647  68.06447526   5.34903687
 13.81108121  25.04306062  21.38132307
 44.51737873  42.23358494  61.48758631
 19.54537913 117.45808219   9.04771702
 50.12656111  66.46952202  14.87169442
109.83607327  57.73497519   5.79733951
 14.27204001  50.32683812  67.00995663
 17.96166193  69.73622028   4.34051096
 28.78046649  81.98785866  21.28557542
136.14640370  15.69092551   2.01098834
 38.67488840   9.37912450   4.48113221
 10.14084754  53.85357454  23.72468823
 12.46430021  42.29896192  17.14761046
 10.83823571  12.51525029   6.09088586
 78.87856922  31.81418074   5.99571984
152.36958279  26.57392528  27.85519579
 46.91900526  89.72051843  22.04170754
  8.35234993  11.66564276   5.83814783
 25.15606010   8.89161597  15.25541570
 48.63198275   7.28598220  40.03000070
794.86922002  27.85586528  26.67750470
 22.29797634  69.00464405   9.77656387
 31.02412821   7.16620932   2.88163512
 95.33087463  13.97452763   8.80381725
139.96574872  45.49990787  38.06578069
 68.57259384   5.18794453   6.83763688
 69.16770238  50.11536021   2.03450676
 54.71806742  68.03900542   8.10086558
 40.38266320  13.38081938  15.20484267
  7.88334128  44.17229519  22.50194176
  6.01294979  64.11291898 123.34131177
 13.18096965  13.21341833 178.76969013
 26.85859690  12.71221257 178.76969013
 32.41027316  12.12535235 329.34061715
 16.03858319  12.80546589 329.34061715
  2.81213239  34.93425807 451.30187524
 51.63255308 108.31951838   5.27875386
  7.16991149  27.58686618 125.28272825
 23.36306680  36.97167947 346.75610855
 40.99386709 200.36847482  50.41399445
 15.81854022  21.96251544   6.28854130
 12.89954432  15.74437647  87.88173475
111.90067811  82.29379408  26.76005051
 50.98758182  71.43229237   9.33824748
 17.86084708 258.28442763  36.29566434
 18.96611031  15.28245040  39.07895194
 13.96655270  19.77840616  24.91115963
 12.07578774 215.32449599   7.88468471
 25.13237967 113.66908150  14.71778356
 16.69888559 174.31149635  77.06720301
 37.03285266  29.31194343  44.99744535
 30.99810491 217.72896173  14.02646322
176.34527691 132.26153600   7.28227156
 15.66906711  54.99579896  30.92733501
 19.05408742  18.12088334   3.90172931
 27.53659128  26.16553002  60.58579420
 10.83058072  40.80371430 208.00328286
  4.98270500 160.35403318 208.00328286
  7.80328348 178.57958326 119.44742497
  7.55344037  14.44040443 327.25947056
 16.05251380  19.89897230 327.25947056
 69.38266497  50.36308643   5.48538653
 83.00741000  62.16798679   4.61644986
 48.96704888  38.93162437   4.57966986
246.96531708  52.72622134   2.48036066
177.61047176 104.36268891   1.16673030
 16.13399496  17.80815746   1.86660092
 43.40766153  42.22947024  30.42085854
  9.56336927  22.37046789  18.38962603
 66.15906381 142.23884422   6.90790333
142.74307642  26.83730359   6.22948220
230.58625272  25.11543136   9.22671429
239.92312248  27.05306460   3.64883194
512.18019265  31.30353365  70.37850917
512.18019265  23.45508088  50.98359337
 37.54602449  36.29088605  18.30824714
 14.31375248  94.41424859   9.80110666
 18.74191782  12.88893202  16.96305080
  7.45274685 118.55156670   6.99192218
  4.43069008 325.10939493  21.52021691
  2.26443539  24.58242446  36.01900969
  3.09309418   8.91263018  52.45323516
  4.65579517   6.31802186  14.02189237
 18.22902645   8.02710442  27.40835947
 32.94231154  91.83098232   4.75872987
 42.69773638  84.85144338  12.94440050
143.73800466  43.47377229   2.50035418
 26.37470934 109.72749734  18.16456988
  8.02491453  14.70876823  38.59223371
  9.01368104  16.09815142   8.63707265
 26.39493090 161.00781462   6.88730938
 83.64824354 181.74088986   4.74025432
 71.62880361  32.72844252  17.54459248
 28.75400572  49.67009933  14.62360065
 13.52662832  26.29492375   2.44001929
  5.98780490  44.94249652  11.56058088
 14.39973667  11.65969538  13.36849024
154.68599776  27.10796023  17.72101644
  6.07247019  40.81367933  58.86932680
 64.21940489  76.33248157 144.25285024
 19.76315337  13.92004134   8.14063551
  2.44319307  26.27012844  21.33707356
  2.99548663  17.48220734 165.94443548
 12.01751760   9.17847485 165.94443548
 42.86936708  24.05658894 165.94443548
 17.61387905   3.82885441  13.21766056
  5.21785885   4.48485453  26.56342874
 18.43829535 164.31243459  12.32194704
 14.91491810  58.64097616   9.81202347
  6.29973378   8.41400394  23.26440127
  4.99478689  15.01568085  18.95495724
  6.13522131  33.14822662   6.58565307
  4.04135655  18.97229255  12.83047650
  7.11248563  28.52140132   3.68911040
  6.25864452 117.41150755  13.90778381
  4.00312452  12.60840304   5.72335471
 13.05636871  22.50119766   5.41992447
 18.10165500  84.12225616  96.26792473
 18.08007970  23.71254634  60.25986545
 24.20027224  12.71491820   8.43006401
  6.01211317  35.79572695  20.26035853
 37.45593142  34.56138407  25.23073537
 65.44307571  84.92134263   9.71879218
 38.34937424 606.67004801  24.07240574
 53.95290151 105.91363122   5.26420836
 18.22457727  70.57171150  20.23815377
116.02953425  34.59027803   8.77587984
256.21195560  63.07173168   5.01665926
804.81780922 122.46093503   9.77899179
804.81780922 195.49866234   3.97992338
 94.26086545  34.88058349   4.46521306
 17.81401714 198.53694565  12.96468462
 13.89590309  11.70432880  17.97988839
 51.63589938  33.25473420  26.80310831
 29.19516907  44.62920624  57.56634631
  5.17578426 134.36890843   4.56363356
 54.89439286  34.90318557  20.91617873
 66.40374949  60.52494598  12.11820301
 14.03076378  77.26420468  10.56424105
112.72479269  68.10339427   8.24556963
 18.75967569  11.88198884  21.84963311
  4.41977125  18.51486995  90.86239207
 57.22517064  22.20872884  20.53864560
127.92241617 269.36418720  10.55115946
 28.76228931  19.54868614  77.72097827
  9.01025307  20.12144179 213.79564981
 19.56649326 328.69267212 213.79564981
 11.59072298 373.38062228 213.79564981
  3.00640488 605.92469384  64.11562666
 41.10256286 605.92469384  11.88237350
 15.31285533 101.36539094  19.31194044
117.21361649  27.10296514   4.31718461
 19.66023932  48.76735946   6.17653755
 20.54615953   9.25926154  15.65914225
 23.17705320  57.47564120  22.61303167
  8.37202110  27.42217149  74.58622568
  4.20736413 641.52972535  21.51822386
  5.97800244  82.44833465  14.96861961
 40.30935404  16.46249557  15.44005511
  4.14112471  76.51141450  68.01867116
  2.68492193  32.92181681  16.04576727
  7.98359672  25.20093098  63.08916201
 12.99788094 128.44243055  30.90312272
 53.66244137  99.13845303   5.51670627
  6.50615095  56.48096670  34.62476844
 23.21146418  21.18596461  16.14729697
 27.78808315 204.88358344  24.72970278
 10.33502889  50.73351106  41.25082139
 59.04358248 296.65144779   5.15370797
153.22965102  19.04841281   3.94507717
 41.93498391  34.07741170   9.49297058
 58.83987183  10.73994374  19.18310659
  4.55194287   6.30015264   1.85010878
 52.80627666 201.73604314   6.45635536
 38.16430766 201.73604314   8.63002888
 51.01888229  21.94865269   4.54188823
 17.53568246  63.07767287  10.81074213
 16.30717222  14.84433824  12.15908656
 60.42677829  27.08002792   2.00727550
 25.32984293  22.23673124   5.96441879
 24.67088172  36.88119671  28.83782840
 50.93708926  61.99475510  14.44539925
169.68250214  11.86016373   1.19869131
  9.74411172  11.15316882   0.62671538
 53.90872963  24.83252813   0.56509034
 42.70190768   8.91927056   0.84039983
 31.07816755  89.14718237  14.80294593
 17.16941269   7.33315920  96.77227320
  8.13226356   7.47950508  28.11277686
134.22971885  74.04892650  26.49334702
 13.58639087 ************  31.80815972
 52.20297711 ************  18.07922517
 54.62261049 ************  11.26189989
 16.11475232 ************  41.06199579
 16.67574497 905.48526525 101.15466318
 63.27378730 905.48526525  28.27763940
 15.11792418  87.96291065   4.08080517
  4.69776520  80.83743722   4.98305926
 61.55713540  24.79602697  25.65061838
  7.84178956  53.06333217  31.14458928
 22.56489968  40.56589389  23.55820705
 38.49021828 706.34340809   7.33541373
 19.95272743 826.09101074   6.64857850
 16.49795001 826.09101074  24.06911880
 94.95240059 134.66754032  10.93464495
  5.16472049   7.61249328   6.05934384
  3.21406407   7.85871595   6.18187035
  2.81023201  20.82705653   4.97727557
  5.96391154   5.63385226  17.31968823
113.20460720 183.41744068   7.47576819
185.60060292  20.01753700   5.72457346
 16.21038650 128.54174558   2.62678645
167.78152094  33.49560781  48.06011863
  4.53640609  10.59326991   5.76179760
 13.77202609  13.42608839  15.52529119
 17.85962915  53.65839298   2.78607428
 20.98592401 113.58902094   6.37293223
 14.51398790  97.24828449  30.91259695
 31.33889472 310.12070100  10.14931166
167.35180681 348.55697720  44.55038403
127.43842830 348.55697720  23.29857900
 34.53426701  15.87079500   4.85939270
 79.39718378  55.76075839  13.00083573
  5.94686996  15.61750964  18.43106664
308.73235455  18.46443394  16.05262566
686.08639919  80.30950638  45.60699571
403.04583500  29.27022988  11.78135191
126.97907658  10.42169183   8.84214197
 69.79291019 396.69633046  20.14573369
 79.01816143 314.83929276  12.34314510
316.33878428 122.15361669  21.38663244
 10.01177404  26.03753541  20.28777940
  8.46684551 292.41528171   6.42465268
  8.86684753 141.31921698   6.36294752
 35.61859312  45.63239683   1.96699354
  8.44801220   4.56376612  21.49002375
  7.46678225   9.99981786  10.59572746
  3.44142845  57.42292584  45.46711140
  5.92721711  16.69730798  34.97019533
  2.92592297  10.22706350  33.97344744
  9.74351519  19.71158376  29.34426835
 16.52120299  21.77648236   6.57238395
131.27170990  36.44227665  13.37629744
 31.72818339  42.47823666   5.56417793
 11.83288710 138.37186209   5.45793054
 30.54342426  13.79425983  53.91016376
 20.60062443   9.74494151   5.53025899
 24.12970197  31.66360007   2.11576522
165.53311066 165.61165234   7.59279222
254.73872862 649.90246203  23.34897641
 30.05118247 649.90246203  12.06997464
 44.12960132  14.02812510  14.10360970
 10.35042478   6.73672378   4.81166071
 30.45906616 231.05933740  21.21181765
 52.75662382  84.20606882  14.01130547
241.68787796  85.94296495   8.69596856
282.49103081 387.66708885   6.77501343
 38.38906203 499.62480470   9.60410343
 39.43368082 468.27521874  10.23944451
 71.39836133  34.17323079   8.51593629
 20.73666147  38.13336303  10.81750196
 12.21130315  26.24486373  24.37448855
 11.08547409  13.69920462   4.33106991
 38.78076340  68.67482086   7.59663890
 44.45585823  21.96081490   4.50272288
 26.18649961  36.54558926   5.56775539
  9.18876410  25.38833408  10.22655157
  5.41393580   8.50396423   2.69415386
  9.64178196  14.85256634  11.04346995
 14.46646333  81.17743729  14.54090930
  3.05182129  22.47739765   6.15006547
  4.95919831   5.98740565  85.20856506
  4.40809574  11.92825801  66.73334602
 74.73718912  63.13847059  37.06465332
 25.79507419  12.47794681  71.64409338
  6.62440731   9.80974796   7.20701564
 37.51819322  21.26889215   2.91411244
 53.39580201  54.43606601   6.17770073
 64.32881418  33.68084171  13.62465373
331.08693622  42.15580852   4.86329663
 10.33211293  10.50420246   6.33696046
 48.35964150  15.74322654   5.37859218
  8.48870190  18.37284703  28.06215490
 12.09367257  23.71950881  87.09130196
  2.83371017  21.76062682  26.34670856
 35.75388264  13.58203641   3.67582364
 48.07816417 122.99021017   3.20504520
 63.42788964  55.78307958  11.02423378
 65.54047092   8.10848091  17.56948193
 33.38067893  55.87127683   6.99062655
119.87296645  28.67075820   8.89836405
 27.29962228  25.91704235  26.51563047
  8.62462257  30.15579165  77.74635733
  7.16259454  22.70921540  77.74635733
  2.92277227 139.22504764 255.25428244
  3.36015766  16.81132732 255.25428244
 98.38635394   6.96100494  45.18957871
110.91093722  10.60079826  42.63560682
  4.91402386  33.60857178   7.75946446
 21.78754348  62.65200478  27.10043593
 14.04850717  26.94771744  11.93096518
 76.40851972  19.61398062   4.83624195
280.63906736  39.15175195   2.51240377
280.63906736  19.13964614   5.25061005
  9.85894501  30.36116026   8.93948817
 18.10393944  49.53655881   5.50942391
  6.39792745  57.20041498  20.93499335
 11.44114433  42.74231877  16.52209270
106.37395039  33.05751196  70.24043600
 80.86287259  42.97865639   8.01451123
 53.09451604  19.72879559  39.03050282
  3.14554268   8.36370134  19.25263474
 60.36283302  11.15216498  28.66953546
  5.68621720  19.63311007 143.09327371
 76.26131878   7.41279904   5.89782977
 90.82913370  73.00853276  35.03106089
  4.94947779 256.96280610  18.89417382
 24.98979220 315.24953624 678.76061096
 80.54049393  28.30891325 678.76061096
 27.37795865 113.85556435 678.76061096
 20.58584769  20.67059716 379.04481653
 93.20967296  32.99163274 379.04481653
 69.27192906 147.81608528 351.50552175
 12.56945029 115.87116539 141.41329905
 50.40011566  33.75255356 141.41329905
 52.18532856 105.87138109  22.86688973
 27.00999330  22.62142054   8.47171144
  6.62203115  76.17537788  10.99816380
 30.43182666  85.38347047  18.24067365
 18.49066454  55.66316509  46.45397798
 11.23632433   5.65158925   5.26147685
 47.77197368  51.78767728   6.11581001
 27.64095462  20.54490538  71.96376219
 20.97893955  21.50221222   9.90595202
 60.90149825  63.49542662   2.78744922
159.36136475  22.90088613  11.65488780
 53.71321765  15.92114147   7.95388466
 14.61724474   8.83695279  32.06315056
 11.44810758  43.45933511  18.20088728
 59.71877984 258.13892160   7.01215704
187.51874355  96.86941537   3.97938791
 23.83880110  39.28522258   4.52165134
229.45860369  32.78957308  11.49999625
 17.31340606  18.87620070  32.19977581
 22.01151846  70.61433613  11.60308493
 32.63662150 168.65250658  14.22070109
167.54020452 177.53609533  17.05830263
683.50298552 122.75888513  24.64927751
545.19738267 155.54695686  11.62426883
827.92508102 117.66927645   5.60062273
721.30809175  89.60214414  15.62623455
 75.20781540  40.95410163  12.22994621
140.55042070  26.69490409   6.18148782
140.55042070   7.75924294  12.71873343
 32.72237319   5.38996853   4.38556414
 19.81416727   7.00035479   7.82026005
 25.70739967  16.45689745  17.59940204
 13.20448781 159.10430392  66.45813906
  8.11154773 112.72876148   5.58990072
 20.00820444   9.20696995  54.94662075
108.59466254  38.03338579   6.78895368
 38.31155381   5.91669747   6.42800540
 13.28641045  22.53183682   3.97582070
 29.72181963  16.69603938   2.47648219
440.74266851 127.10311409  48.07948440
357.85415921 186.50682747  14.93679105
 33.10888024  28.11228147   3.40240852
 12.96706443  78.94676345  10.56053855
 55.01768893 106.29344304  83.65038882
 61.15458099  13.17368456  20.36968223
 28.37174026  13.99558754  16.90003691
 21.40733577   8.50763133  32.77165567
  9.51451721  27.46769190  33.65032788
105.06641854  65.12633853   5.22712781
 18.11011045  13.41760679   2.87666086
 50.97154337  17.00570630  22.42493110
 25.18914189 145.04867929   8.87043410
124.17889323  58.47037221   9.34090027
 51.48302659  98.75372411   2.89498811
 30.68473709  22.54449808   3.14854270
  8.01045539 141.30730216   4.38007000
 40.41062070 120.36989201   2.58058766
 27.74790247  16.63776183   2.12422750
 18.69184374  23.62000229  58.16082462
 80.60191316  13.50618972   3.24189577
 15.46198506   7.24998702   7.06862069
  5.77849945  18.07459486  22.07805854
  5.48666235  49.97047498   2.36115202
  7.98809795  19.86076123  10.65098788
 13.26960742   7.64609778   4.71661618
 39.76278786 118.50326390   6.22979966
  6.60284195  49.91088485  12.64505771
 21.47091567 136.63151205  15.70546705
 15.64104898 108.99626029   7.44620851
 30.13160275  19.05856476  19.99076921
 32.89036729  22.94791909   7.24633848
 12.07127948   8.98078738  32.13775355
 10.39336324   6.25664792  34.09950875
100.13524217   9.46737879   6.34798649
 12.07304530  15.13035053  44.78013798
  3.14821333  14.99901811  41.47610760
  1.75796134  10.27578965  12.89293651
  1.60911685  80.59829717 178.93379658
  3.01453473  12.29223875   4.07950631
 21.83629053   3.06545155   6.42576239
 65.59861614   8.00358634  31.10909814
 37.20121542  55.55215222  30.55978524
 81.51591968  16.47133687  20.79358739
  9.27371992  28.48081946   4.41759314
 21.51509599   6.18765186   4.61500722
  7.08649663   2.78430327  64.36241105
  4.53987876   4.49941018  23.03805033
 12.03650312  39.73808709  39.76645523
 64.46807503 147.55180432  12.18365701
 24.45339274 164.58036823  29.50491607
 29.66186491 142.95250854  35.29287984
210.61745865  55.12235659  23.20827184
 32.34655803 681.60806111   7.30063917
 17.54570671 ************   2.99290327
 32.03926549 ************   4.46240656
 68.45811288 ************   3.23187489
 35.46199613 ************   2.17507047
 13.69786347  69.27674673  12.13542484
 88.66807943 117.71539365   5.21059896
 36.41064178 202.06108120   1.45641896
 41.12001470  60.85440053   4.77072981
 58.57225661  20.11218627  15.50700435
 37.72616122 238.36426752  35.45645119
 19.42120941 238.36426752  65.47824366
 45.52437350 222.41198998   8.31878429
 56.60326951  25.51263698   4.33722483
 50.32663566  20.77147013   4.96871079
  9.91519564  14.07392548  74.60054042
 89.16772701  98.62059303  12.69620549
 14.58624807 235.95717003   8.60494198
 32.29454865  15.89010757  15.79677617
 86.06517755 170.83890667  39.15176511
110.81812982 234.00033610   2.72127971
149.69026976  14.31182265   3.46406844
 57.66404375 149.41579266   4.22204336
  3.12740922  58.08066267   7.99680507
  6.63123600  28.11709432   2.83721596
  4.03169131  31.14524118  16.38453319
  3.56864873   2.83839617  17.62981838
 12.80367556   9.78368996   1.55047150
113.83232587   4.98862295  37.47020407
 22.40168347  12.90373005   5.56016166
 86.14893170  76.89406714  32.52691051
  4.13666384  22.00057188   8.95952621
  1.38239182  10.39058807  12.12307200
  1.15943738   5.61094709   7.46422527
  0.75680020  22.48382303  21.52607611
  0.90831083  10.31442079  21.70278043
  0.91628199 152.26029424  21.96719716
  1.17118319  47.29691895   8.43172542
  0.73908893   6.94831118  89.95190114
  0.66367906   5.88638930  15.82101899
  0.58907751  14.82402056   7.01186828
  0.56331286   5.38452010  26.57028463
  0.53111423   9.72518083  11.85385290
  0.78513739   3.73023519  48.42748502
  0.94155926   7.95766897 100.83371806
  0.85302382   6.93656369   6.42409044
  1.06081549  15.73967400   3.16862147
  1.20794770  32.63641524  11.90132126
  2.11179790  32.81279421  22.15855663
  2.97846499  25.87658806   6.80966969
 25.24019398  23.06203059  22.49762129
 23.52821709 240.13911204  15.38280174
 11.08759412 107.54278676  21.09340692
 29.42056751  49.62334251   9.02234567
 35.47203315  61.98803853  10.09176046
 11.36138492  94.34413119 128.26475256
 65.42008855  24.62161767 128.26475256
  9.38514985  68.90802243   5.52960432
105.69083512  18.01209272   2.17699703
 22.34963950  78.54703746  50.76070510
 12.56355637  17.58855228   6.28736960
113.12321332  75.49333090  48.95246763
  9.42972760  21.56199325 112.03926140
  5.90412376  21.87555446 112.03926140
 54.74444446   6.14019369  14.21559070
 38.98386893   5.32940252  15.03419947
 16.52542154  27.24533508   7.48125274
 79.37201923  46.83592689   5.36660179
 25.09726352  62.07082112  30.52699459
 16.16291668  28.14380973   2.17577545
 24.75708068 205.73747462  14.63657128
  4.43055855   6.35141128  24.27095419
 11.72880546  36.43958980  87.32130093
 25.94512016 220.90325476  53.89720286
198.21158799 182.25776102  24.84058400
 17.36243383 182.25776102  14.37024650
  9.43934062 243.39051569  35.94341324
 91.45250177 344.66057270  16.35532739
  6.14227026 100.34106679  13.69808502
 14.41394578 125.28730794  11.55311894
 19.06423565  20.26017437  30.88319949
 99.34001034 120.03210782  10.27202379
 20.87444356  42.96319066  13.68776524
  4.27185335  24.25526122  49.71232038
 37.28479797  19.34538764   3.56340347
 15.31697250  18.55189434  24.57451928
252.10848650  21.12056299   8.82805008
315.47499036  98.82319574  16.16749706
 11.50168121  31.30502264  22.56252629
  5.38760473  19.81527730   9.44732593
 45.36256480  11.17250365   6.80659849
  6.52146107  18.75363436  62.23967381
 38.05389994  30.55757828  51.19893284
  5.21590595   3.81322161  44.40751271
 32.90410130   4.62269972   7.10881030
 94.04977615  13.55427672  10.53574277
  7.08248289  22.28632146   8.41045583
107.55909444  89.83277281   6.64155534
297.06347708 220.47516234  38.55995223
297.06347708  91.45548943   5.26800607
 51.25778657  47.15146951   9.44005581
  8.15998574  21.75935563   4.29215392
 31.33864531   6.31244309   2.90238564
204.01199578  10.33911044   9.95240774
196.54586216 153.31871106  36.62687253
 13.48543243 136.55668456   5.10468655
 78.18547128  20.45560521   5.48947314
 52.03629311  64.41823923  36.42152081
 67.71845377 132.91670206   6.29493309
 40.97777332 ************   9.61174988
 19.19012099 ************   6.88018557
 32.32800717  12.17420441   4.58424465
288.76224565 212.56939020  23.08930982
499.08934364 ************  10.98564181
224.78858264 ************  20.56437016
 85.19714641 ************   6.46287480
175.16437484 ************  12.40288533
 14.20907611 ************  10.78039160
 21.33865195 ************  10.63073027
153.02334240 ************   8.37799547
318.29995736 231.63766349  16.58351197
281.74119467  26.17226817  21.99837712
 19.90002137  84.69955556  13.83947809
 85.79173141  11.19796875  12.81131194
  7.61040692 163.05884291   6.78377005
 23.22899228  47.01514707  21.61933320
 72.70677709   4.98114437  17.75282779
  8.64894538  29.23643555  13.66992672
 18.08924332 231.34292214   5.21886076
 35.79988091  20.92583114  10.40499683
 22.54817024   8.96347239   5.04735142
 43.25754068  49.81572840   8.16612205
 94.36955640  98.98852774  13.09098997
  7.76618260 385.95801389  13.05097318
  8.59382499 ************  14.15750637
 36.32764390 ************ 320.79417891
  4.01917003 ************  13.66825887
 12.44686476 905.30126124  20.67695063
 35.75235215  24.89309760  13.02410118
 54.32204537 123.53089421   2.88028748
136.92512160   7.62419744  10.11397498
 24.48245128   9.01801322   5.94694965
 31.06472027 261.02675236  19.83731279
  5.61650192  34.90649857  23.73273850
 10.42086002 464.42616759  33.05546395
 35.43018280  58.04403960  82.57035411
 37.76656227 208.75738145  24.54672497
118.61379640  14.64661657   9.06414359
 58.70636632  33.54476065   9.41592223
160.67333152  52.27445121  10.66773948
359.07111252   8.34839988  24.56512152
 19.68457911  21.64094975   4.38462986
100.35875154  66.99970975   1.15042407
 10.20198250  43.34457403  13.63725624
  6.23390341   8.43665065   9.50388190
  9.10359904 310.74670846  30.65507494
 11.10913751 363.04644235  59.21589712
 19.85876148 197.58781679  37.60646028
 51.54692389  53.91601908  23.36416835
 76.92792504 129.34562033  16.30305998
 14.83367466  14.85330099  78.93539869
  4.70899350  12.38845236  23.50060037
 36.74758980 122.31003784   9.10075938
 17.95079398 313.63909856  24.42697046
 18.74136520  70.34738607 167.60816241
 12.62755283  75.39235337   4.54605988
  9.65941894  67.79750198   5.81639679
  5.47293160 211.67212428  16.12314239
 25.32508678  94.36063964  17.93498776
 42.22775513 133.69991987  18.31352626
 18.79327617 172.68781819   4.81099176
  7.81186552  26.35776612   9.07120941
  8.58863978   7.70131498  13.46282307
 42.98451479  34.60471377  17.73289606
  3.48737715  50.88047401  17.78119214
  6.46095665  20.13670124  48.85771201
  5.95174340   3.67162314   2.47391074
  5.57586191   2.37929017  13.88674924
 83.49085856   2.98541407   6.33298854
 75.07124317  50.70366237   2.56638214
 95.29384946  74.82935027  51.11082232
 59.41489588 417.48876150  26.13658084
 27.29607489  86.25713744   2.28646288
 29.15681379  12.61114427   4.85031002
101.84156665  44.14528003   7.21224876
 13.83900015  69.99098157  41.06761954
  4.66329609  43.04798606 111.79685865
  2.33982748  22.76455290 322.33356691
  1.85456528   5.60065350  24.44661044
  3.42454852   5.70206547  10.60898805
  3.98700603  33.89824404  35.35423980
 73.27336057  25.19665917  22.71408172
 31.51132007   8.03245733  12.22949910
  3.86452730   4.41351217  13.45129030
  6.73267212   5.34488652  89.37395351
  3.91500779 211.78436872   8.98490740
 17.63216194  83.59701491  14.26800642
  8.47248703 162.77435631  19.11112706
 11.24784537 915.55247324  53.69274416
 14.15063407 915.55247324  56.06009695
 28.60264931 894.33952608 108.47784256
 12.26252259 658.72708931  20.96989832
 22.28913127  52.40105698  11.40066208
 22.47315539  27.26317735   8.09956805
 27.54510619 217.47174611   3.33356172
  7.83432169  68.77642894   9.22975916
 31.52378364 210.96681986  43.24383871
 39.26992639 116.19300545  41.92483865
 20.44764064 468.37903839  47.01036951
 25.80865984  10.23448745  23.60743013
  9.36727634  79.19682631   9.56829032
 29.07976237 107.37043455   3.83947326
  5.69588982   5.66373577   2.85673625
333.20825391  36.75348067  17.30599964
333.20825391  11.49896416  33.02571109
 47.81846607  24.13784304   7.66206457
 87.15230809  16.35655589  20.80948461
 41.33272871  24.41151613   5.62297373
 40.09383645  29.20581352  10.95507416
 16.93929007   8.52260289   4.93306980
147.42700446   7.65495355   5.04668338
 52.04999096  17.10214545   2.39199230
 45.28904195  26.04122094   3.39060289
 20.06127599  44.76848305   6.04204220
592.92584117  38.33735033  53.18334326
 42.88363692  47.36858316  11.09158570
  5.66808836  19.54070773  36.83553117
  3.00134596  34.06759469  40.92642425
  2.37733350  14.10545015  42.81600542
  1.90639923 136.36941283  97.11806550
  2.17630330 128.84308999 161.91041946
  3.65764751 113.40097800  59.47103996
  2.80771956  25.77064413 110.99306429
  7.80512520  62.70292815  16.26477868
 46.07595104  37.23759403   4.92015207
  6.59937837  68.07960376   2.49783076
 67.96041082 102.48796362  10.54661984
100.54396057  14.41277850  26.99782453
 15.01589693  32.63597190   9.90096900
 20.98286619  58.51215176   9.97152433
 85.42496164  83.66397601   3.40255269
128.04575629  61.47238527   1.28224825
  4.51063998  38.32434311   3.77846081
 20.79512890 116.56992051   8.98228387
 39.41547173  83.69423812  13.11070458
  7.70699641   7.29887454   8.96425329
  3.75801969  27.38643991   7.20314192
 17.45034944  30.22959180   7.46282922
 18.30098971  64.10984104   9.59050782
 27.88137324  31.50890125   7.22008136
 24.31425655  74.90042590   4.71140133
151.48870986 173.60135296   6.28695707
291.05373375 109.05121029   4.02857925
 49.31115437 166.69675226   8.21822311
 23.77911279  14.34648202  39.91171115
 12.36856218  40.43514149  35.70202003
 12.34347026  39.25145140  46.02172979
 39.25105276 144.37652679  78.20664015
  8.16503609   6.83836607  28.74387280
  8.87982847  12.41245262   8.22049230
 24.97859562 192.06520831   8.82948607
 70.13520228  22.42484837   6.98559026
  9.32000314  56.96541799  33.14850071
 13.73594030 123.16317406   4.25182655
111.43621943 397.60360392   3.29677437
257.12561759 254.24677474   3.90566833
 38.34943070 293.39104744   4.90796037
 27.67814431 132.68155690  26.96088945
 23.71530322 332.52428152  50.35449528
 10.02012041  10.35627713  10.35240312
 21.87509548  20.34646064   2.81218335
 19.12096220  52.07177096  24.77616591
  3.88160297  18.76968243  15.52681497
 10.19089048  56.87160052  21.26653065
 40.33349560  52.18586097  26.76888282
 15.40945940 100.29188641 110.86037039
103.48827956  39.68525608  54.48111069
 15.64676476 119.81899159  69.50486889
 19.47478808  36.64243528  10.80536163
  3.73946704  11.69877888   4.45707687
 10.95897085  11.43151719   6.51835103
 24.09286499  25.85639027  13.13424658
 36.22171245  13.02713374  10.95930858
 21.50569555  33.67209608 124.23249364
  8.35559154  14.30063961  68.97622756
 16.62892404 107.20829260   4.72299985
  3.15425803  31.06995397   3.19477459
  3.34896528   8.68569585   3.47659370
  2.83416331  22.06461025  11.13677456
  1.59115908  22.18768102 118.39879916
  1.76571347  40.11569615   4.00506061
  1.12436243  18.59736721  11.04906850
  1.46387568 115.78719866  46.05547455
  3.88538480  16.49867458  50.06895411
 14.54435491  29.86776753   4.13890847
 34.05196694  23.28998460  13.49333249
 57.26492494  65.69079234   2.33603700
  6.94891404  12.71175199   4.14177041
 40.74017174  12.37499903   5.36027801
  2.24665866  19.89679559   9.47096386
 18.77892274  21.08202694   6.80642768
  9.86826755  97.18367037   7.47296168
 10.69795864 566.24662157  13.40049563
 10.23495004  54.58233819   5.99046169
 22.50261987 111.04677527  15.51461483
 42.72591022   9.34583063  14.31142562
 35.80985303  11.53282949  38.99787504
 29.22094550 138.49424651  21.88705384
 19.80651196  44.09451192   2.66305437
 16.79370318 410.93567259   7.68223910
 65.37330610 751.44285816  14.61620475
 30.09039682 917.89095757   8.38515861
 30.53193102 917.89095757  21.91480627
 65.41997998 555.34979762   9.22132948
 74.27650124  12.51208513  28.72889999
 73.03402538  12.01500479   9.96629219
 32.84049730  34.83254988  58.73199889
  8.33758520  69.95320844  68.82162676
  8.70655612  40.64302556   5.21052752
 34.27119345  28.99649744  47.35326272
  7.57657953 349.21001568  32.74649476
 16.74823166 349.21001568  30.23573346
  8.53194281 349.21001568  13.93752633
  5.85214286 349.21001568   3.56887218
103.78262951  67.62059693   6.69088708
 23.10561578  43.50025711  10.94418793
 39.29786096  19.21554103  17.23499114
 27.08152897  11.89609263  15.51389972
 18.35120438  39.14831445  18.70657075
 29.63846047  23.49448523   3.50255796
 24.29049094  14.38625046   2.46150046
 52.89680664  12.23126119  10.99682548
 56.09452141  20.92926753  35.23996733
 32.31624312  31.09348466  26.90588793
 11.36845116  45.47060865  13.18760506
 13.54087864  25.42334819  10.97940383
 19.58546801  23.45312318   3.01624663
 25.67036559  18.90066428  22.39339429
  7.81636539   5.20057719  11.21966370
 10.66796861  16.47659061  17.41085581
  4.36582503  21.22687234   5.16160866
 21.69444589 111.66939116  35.16582278
 15.04676959  20.51184035 124.25728922
 28.23754829  13.49937500  51.20765089
  4.54841739  24.22966251   3.54343776
 10.27438208  20.65392618  43.05679656
 19.86252892  19.40680071 397.39525262
 15.31170040  13.69450797  88.84253689
  8.17244217   8.34019824 320.96618956
 26.47903180  52.95930857 320.96618956
 22.37420252  17.52113061 320.96618956
 16.65301950  12.32948889  21.39808337
 27.05898140  38.56395698  94.46872276
319.70484700  26.75385794  70.69341268
 77.84650862  10.34756573   5.25611058
143.55657407 147.01147832   2.47697402
 96.37148361 125.78950783   5.45967233
161.07308119  10.22654637  23.28136986
451.88920708  71.29942136  38.90495021
451.88920708  36.35371771  45.13998868
451.88920708  82.01188746   8.42744305
111.94994739 333.51191215  23.68651865
 89.59380999  26.94779609   4.01453562
 28.91561436  69.84579083   4.03954599
  5.33196926 106.79181332   5.05544678
 12.53609058  37.12307841  33.50727340
 10.97641644  44.53183489  13.51691999
 12.35229349  22.71095833  15.54182653
 47.65268305  36.76218465 138.15876870
  8.97399115  23.24632064  85.70269104
  6.54456643  75.36166992  11.70801682
 17.60399541  48.09915402  36.91845163
 74.05161312   9.68065014  17.06162363
 12.25069228  48.69192530   7.20069584
 38.69917062 153.19431449   4.17455768
  8.96226828  31.37756042   5.57450410
 25.60811086 260.71652687  12.16567627
 11.61368391  67.88475201   8.82626462
111.33901726  39.29255857   1.89347106
 26.22333938   8.97410916  20.59323360
 41.36774250  14.69186130   6.39106428
 34.91409270  33.87911456  23.90759633
  4.06323050  44.21191926  55.02648651
 10.94185388  65.43373554   7.66287918
  3.80694903  23.04851311  63.51769417
  6.44758282  48.68309678  59.26621672
 13.27626017  21.53679114  68.77912252
  3.41575799   8.38360244   8.56887623
 18.62297748  20.50796970   8.01698845
 66.34846674  10.53241284  10.07956419
 17.61024700   9.06299292   8.96803031
  5.49955191  71.51979075   3.42576619
  6.72367203  17.92526065  26.43893429
 13.95065198   9.15577870  98.62520976
 24.65178451  22.63756089 103.95970788
 16.35802118  34.89863720  86.56486242
171.71843289  20.95663515   7.91433821
 56.28769039 194.06850723   5.38818690
 55.62441230  64.13077827  25.29701828
 33.26395705  44.20848240  26.92526938
 14.33084135  25.21169250   8.47282933
 26.23262471 132.93526012  75.38821408
 12.00442570 ************  46.58511559
  9.82713249 ************  42.74430019
  3.55613192 ************   9.07796804
  3.55303594 ************  70.68538621
  3.82074800  21.62881854   7.38576252
 14.03287675  14.86542981   4.76698439
251.87408073 172.82177376   6.01479517
 53.82863174  28.43850448  18.25641019
 16.69079891  24.02332524  18.21038371
 61.80161250   9.42305907   8.85170123
 27.14813078  28.34586438   2.49677164
 22.67155116  14.16038582  15.26567003
